This file contains any messages produced by compilers while
running configure, to aid debugging if configure makes a mistake.

It was created by ODE configure 0.16.2, which was
generated by GNU Autoconf 2.69.  Invocation command line was

  $ ./configure --enable-double-precision

## --------- ##
## Platform. ##
## --------- ##

hostname = desktop
uname -m = x86_64
uname -r = 5.8.0-55-generic
uname -s = Linux
uname -v = #62~20.04.1-Ubuntu SMP Wed Jun 2 08:55:04 UTC 2021

/usr/bin/uname -p = x86_64
/bin/uname -X     = unknown

/bin/arch              = x86_64
/usr/bin/arch -k       = unknown
/usr/convex/getsysinfo = unknown
/usr/bin/hostinfo      = unknown
/bin/machine           = unknown
/usr/bin/oslevel       = unknown
/bin/universe          = unknown

PATH: /opt/ros/noetic/bin
PATH: /home/jack/.local/bin
PATH: /usr/local/bin
PATH: /opt/openrobots/bin
PATH: /home/jack/.local/bin
PATH: /usr/local/sbin
PATH: /usr/local/bin
PATH: /usr/sbin
PATH: /usr/bin
PATH: /sbin
PATH: /bin
PATH: /usr/games
PATH: /usr/local/games
PATH: /snap/bin


## ----------- ##
## Core tests. ##
## ----------- ##

configure:2761: checking build system type
configure:2775: result: x86_64-pc-linux-gnu
configure:2795: checking host system type
configure:2808: result: x86_64-pc-linux-gnu
configure:2845: checking for a BSD-compatible install
configure:2913: result: /usr/bin/install -c
configure:2924: checking whether build environment is sane
configure:2979: result: yes
configure:3128: checking for a thread-safe mkdir -p
configure:3167: result: /usr/bin/mkdir -p
configure:3174: checking for gawk
configure:3204: result: no
configure:3174: checking for mawk
configure:3190: found /usr/bin/mawk
configure:3201: result: mawk
configure:3212: checking whether make sets $(MAKE)
configure:3234: result: yes
configure:3263: checking whether make supports nested variables
configure:3280: result: yes
configure:3409: checking whether make sets $(MAKE)
configure:3431: result: yes
configure:3498: checking for g++
configure:3514: found /usr/bin/g++
configure:3525: result: g++
configure:3552: checking for C++ compiler version
configure:3561: g++ --version >&5
g++ (Ubuntu 9.3.0-17ubuntu1~20.04) 9.3.0
Copyright (C) 2019 Free Software Foundation, Inc.
This is free software; see the source for copying conditions.  There is NO
warranty; not even for MERCHANTABILITY or FITNESS FOR A PARTICULAR PURPOSE.

configure:3572: $? = 0
configure:3561: g++ -v >&5
Using built-in specs.
COLLECT_GCC=g++
COLLECT_LTO_WRAPPER=/usr/lib/gcc/x86_64-linux-gnu/9/lto-wrapper
OFFLOAD_TARGET_NAMES=nvptx-none:hsa
OFFLOAD_TARGET_DEFAULT=1
Target: x86_64-linux-gnu
Configured with: ../src/configure -v --with-pkgversion='Ubuntu 9.3.0-17ubuntu1~20.04' --with-bugurl=file:///usr/share/doc/gcc-9/README.Bugs --enable-languages=c,ada,c++,go,brig,d,fortran,objc,obj-c++,gm2 --prefix=/usr --with-gcc-major-version-only --program-suffix=-9 --program-prefix=x86_64-linux-gnu- --enable-shared --enable-linker-build-id --libexecdir=/usr/lib --without-included-gettext --enable-threads=posix --libdir=/usr/lib --enable-nls --enable-clocale=gnu --enable-libstdcxx-debug --enable-libstdcxx-time=yes --with-default-libstdcxx-abi=new --enable-gnu-unique-object --disable-vtable-verify --enable-plugin --enable-default-pie --with-system-zlib --with-target-system-zlib=auto --enable-objc-gc=auto --enable-multiarch --disable-werror --with-arch-32=i686 --with-abi=m64 --with-multilib-list=m32,m64,mx32 --enable-multilib --with-tune=generic --enable-offload-targets=nvptx-none=/build/gcc-9-HskZEa/gcc-9-9.3.0/debian/tmp-nvptx/usr,hsa --without-cuda-driver --enable-checking=release --build=x86_64-linux-gnu --host=x86_64-linux-gnu --target=x86_64-linux-gnu
Thread model: posix
gcc version 9.3.0 (Ubuntu 9.3.0-17ubuntu1~20.04) 
configure:3572: $? = 0
configure:3561: g++ -V >&5
g++: error: unrecognized command line option '-V'
g++: fatal error: no input files
compilation terminated.
configure:3572: $? = 1
configure:3561: g++ -qversion >&5
g++: error: unrecognized command line option '-qversion'; did you mean '--version'?
g++: fatal error: no input files
compilation terminated.
configure:3572: $? = 1
configure:3592: checking whether the C++ compiler works
configure:3614: g++    conftest.cpp  >&5
configure:3618: $? = 0
configure:3666: result: yes
configure:3669: checking for C++ compiler default output file name
configure:3671: result: a.out
configure:3677: checking for suffix of executables
configure:3684: g++ -o conftest    conftest.cpp  >&5
configure:3688: $? = 0
configure:3710: result: 
configure:3732: checking whether we are cross compiling
configure:3740: g++ -o conftest    conftest.cpp  >&5
configure:3744: $? = 0
configure:3751: ./conftest
configure:3755: $? = 0
configure:3743: result: no
configure:3748: checking for suffix of object files
configure:3770: g++ -c   conftest.cpp >&5
configure:3774: $? = 0
configure:3795: result: o
configure:3799: checking whether we are using the GNU C++ compiler
configure:3818: g++ -c   conftest.cpp >&5
configure:3818: $? = 0
configure:3827: result: yes
configure:3836: checking whether g++ accepts -g
configure:3856: g++ -c -g  conftest.cpp >&5
configure:3856: $? = 0
configure:3897: result: yes
configure:3923: checking whether make supports the include directive
configure:3938: make -f confmf.GNU && cat confinc.out
this is the am__doit target
configure:3941: $? = 0
configure:3960: result: yes (GNU style)
configure:3985: checking dependency style of g++
configure:4096: result: gcc3
configure:4159: checking for gcc
configure:4175: found /usr/bin/gcc
configure:4186: result: gcc
configure:4415: checking for C compiler version
configure:4424: gcc --version >&5
gcc (Ubuntu 9.3.0-17ubuntu1~20.04) 9.3.0
Copyright (C) 2019 Free Software Foundation, Inc.
This is free software; see the source for copying conditions.  There is NO
warranty; not even for MERCHANTABILITY or FITNESS FOR A PARTICULAR PURPOSE.

configure:4435: $? = 0
configure:4424: gcc -v >&5
Using built-in specs.
COLLECT_GCC=gcc
COLLECT_LTO_WRAPPER=/usr/lib/gcc/x86_64-linux-gnu/9/lto-wrapper
OFFLOAD_TARGET_NAMES=nvptx-none:hsa
OFFLOAD_TARGET_DEFAULT=1
Target: x86_64-linux-gnu
Configured with: ../src/configure -v --with-pkgversion='Ubuntu 9.3.0-17ubuntu1~20.04' --with-bugurl=file:///usr/share/doc/gcc-9/README.Bugs --enable-languages=c,ada,c++,go,brig,d,fortran,objc,obj-c++,gm2 --prefix=/usr --with-gcc-major-version-only --program-suffix=-9 --program-prefix=x86_64-linux-gnu- --enable-shared --enable-linker-build-id --libexecdir=/usr/lib --without-included-gettext --enable-threads=posix --libdir=/usr/lib --enable-nls --enable-clocale=gnu --enable-libstdcxx-debug --enable-libstdcxx-time=yes --with-default-libstdcxx-abi=new --enable-gnu-unique-object --disable-vtable-verify --enable-plugin --enable-default-pie --with-system-zlib --with-target-system-zlib=auto --enable-objc-gc=auto --enable-multiarch --disable-werror --with-arch-32=i686 --with-abi=m64 --with-multilib-list=m32,m64,mx32 --enable-multilib --with-tune=generic --enable-offload-targets=nvptx-none=/build/gcc-9-HskZEa/gcc-9-9.3.0/debian/tmp-nvptx/usr,hsa --without-cuda-driver --enable-checking=release --build=x86_64-linux-gnu --host=x86_64-linux-gnu --target=x86_64-linux-gnu
Thread model: posix
gcc version 9.3.0 (Ubuntu 9.3.0-17ubuntu1~20.04) 
configure:4435: $? = 0
configure:4424: gcc -V >&5
gcc: error: unrecognized command line option '-V'
gcc: fatal error: no input files
compilation terminated.
configure:4435: $? = 1
configure:4424: gcc -qversion >&5
gcc: error: unrecognized command line option '-qversion'; did you mean '--version'?
gcc: fatal error: no input files
compilation terminated.
configure:4435: $? = 1
configure:4439: checking whether we are using the GNU C compiler
configure:4458: gcc -c   conftest.c >&5
configure:4458: $? = 0
configure:4467: result: yes
configure:4476: checking whether gcc accepts -g
configure:4496: gcc -c -g  conftest.c >&5
configure:4496: $? = 0
configure:4537: result: yes
configure:4554: checking for gcc option to accept ISO C89
configure:4617: gcc  -c -g -O2  conftest.c >&5
configure:4617: $? = 0
configure:4630: result: none needed
configure:4655: checking whether gcc understands -c and -o together
configure:4677: gcc -c conftest.c -o conftest2.o
configure:4680: $? = 0
configure:4677: gcc -c conftest.c -o conftest2.o
configure:4680: $? = 0
configure:4692: result: yes
configure:4711: checking dependency style of gcc
configure:4822: result: gcc3
configure:4843: checking how to run the C preprocessor
configure:4874: gcc -E  conftest.c
configure:4874: $? = 0
configure:4888: gcc -E  conftest.c
conftest.c:11:10: fatal error: ac_nonexistent.h: No such file or directory
   11 | #include <ac_nonexistent.h>
      |          ^~~~~~~~~~~~~~~~~~
compilation terminated.
configure:4888: $? = 1
configure: failed program was:
| /* confdefs.h */
| #define PACKAGE_NAME "ODE"
| #define PACKAGE_TARNAME "ode"
| #define PACKAGE_VERSION "0.16.2"
| #define PACKAGE_STRING "ODE 0.16.2"
| #define PACKAGE_BUGREPORT "ode@ode.org"
| #define PACKAGE_URL ""
| #define PACKAGE "ode"
| #define VERSION "0.16.2"
| /* end confdefs.h.  */
| #include <ac_nonexistent.h>
configure:4913: result: gcc -E
configure:4933: gcc -E  conftest.c
configure:4933: $? = 0
configure:4947: gcc -E  conftest.c
conftest.c:11:10: fatal error: ac_nonexistent.h: No such file or directory
   11 | #include <ac_nonexistent.h>
      |          ^~~~~~~~~~~~~~~~~~
compilation terminated.
configure:4947: $? = 1
configure: failed program was:
| /* confdefs.h */
| #define PACKAGE_NAME "ODE"
| #define PACKAGE_TARNAME "ode"
| #define PACKAGE_VERSION "0.16.2"
| #define PACKAGE_STRING "ODE 0.16.2"
| #define PACKAGE_BUGREPORT "ode@ode.org"
| #define PACKAGE_URL ""
| #define PACKAGE "ode"
| #define VERSION "0.16.2"
| /* end confdefs.h.  */
| #include <ac_nonexistent.h>
configure:4979: checking for gawk
configure:5006: result: mawk
configure:5018: checking whether ln -s works
configure:5022: result: yes
configure:5076: checking how to print strings
configure:5103: result: printf
configure:5124: checking for a sed that does not truncate output
configure:5188: result: /usr/bin/sed
configure:5206: checking for grep that handles long lines and -e
configure:5264: result: /usr/bin/grep
configure:5269: checking for egrep
configure:5331: result: /usr/bin/grep -E
configure:5336: checking for fgrep
configure:5398: result: /usr/bin/grep -F
configure:5433: checking for ld used by gcc
configure:5500: result: /usr/bin/ld
configure:5507: checking if the linker (/usr/bin/ld) is GNU ld
configure:5522: result: yes
configure:5534: checking for BSD- or MS-compatible name lister (nm)
configure:5588: result: /usr/bin/nm -B
configure:5718: checking the name lister (/usr/bin/nm -B) interface
configure:5725: gcc -c -g -O2  conftest.c >&5
configure:5728: /usr/bin/nm -B "conftest.o"
configure:5731: output
0000000000000000 B some_variable
configure:5732: result: BSD nm
configure:5736: checking the maximum length of command line arguments
configure:5867: result: 1572864
configure:5915: checking how to convert x86_64-pc-linux-gnu file names to x86_64-pc-linux-gnu format
configure:5955: result: func_convert_file_noop
configure:5962: checking how to convert x86_64-pc-linux-gnu file names to toolchain format
configure:5982: result: func_convert_file_noop
configure:5989: checking for /usr/bin/ld option to reload object files
configure:5996: result: -r
configure:6070: checking for objdump
configure:6086: found /usr/bin/objdump
configure:6097: result: objdump
configure:6126: checking how to recognize dependent libraries
configure:6326: result: pass_all
configure:6411: checking for dlltool
configure:6441: result: no
configure:6468: checking how to associate runtime and link libraries
configure:6495: result: printf %s\n
configure:6556: checking for ar
configure:6572: found /usr/bin/ar
configure:6583: result: ar
configure:6620: checking for archiver @FILE support
configure:6637: gcc -c -g -O2  conftest.c >&5
configure:6637: $? = 0
configure:6640: ar cru libconftest.a @conftest.lst >&5
ar: `u' modifier ignored since `D' is the default (see `U')
configure:6643: $? = 0
configure:6648: ar cru libconftest.a @conftest.lst >&5
ar: `u' modifier ignored since `D' is the default (see `U')
ar: conftest.o: No such file or directory
configure:6651: $? = 1
configure:6650: result: @
configure:6708: checking for strip
configure:6724: found /usr/bin/strip
configure:6735: result: strip
configure:6807: checking for ranlib
configure:6823: found /usr/bin/ranlib
configure:6834: result: ranlib
configure:6936: checking command to parse /usr/bin/nm -B output from gcc object
configure:7089: gcc -c -g -O2  conftest.c >&5
configure:7092: $? = 0
configure:7096: /usr/bin/nm -B conftest.o \| sed -n -e 's/^.*[ ]\([ABCDGIRSTW][ABCDGIRSTW]*\)[ ][ ]*\([_A-Za-z][_A-Za-z0-9]*\)$/\1 \2 \2/p' | sed '/ __gnu_lto/d' \> conftest.nm
configure:7099: $? = 0
configure:7165: gcc -o conftest -g -O2   conftest.c conftstm.o >&5
configure:7168: $? = 0
configure:7206: result: ok
configure:7253: checking for sysroot
configure:7283: result: no
configure:7290: checking for a working dd
configure:7328: result: /usr/bin/dd
configure:7332: checking how to truncate binary pipes
configure:7347: result: /usr/bin/dd bs=4096 count=1
configure:7483: gcc -c -g -O2  conftest.c >&5
configure:7486: $? = 0
configure:7676: checking for mt
configure:7692: found /usr/bin/mt
configure:7703: result: mt
configure:7726: checking if mt is a manifest tool
configure:7732: mt '-?'
configure:7740: result: no
configure:8413: checking for ANSI C header files
configure:8433: gcc -c -g -O2  conftest.c >&5
configure:8433: $? = 0
configure:8506: gcc -o conftest -g -O2   conftest.c  >&5
configure:8506: $? = 0
configure:8506: ./conftest
configure:8506: $? = 0
configure:8517: result: yes
configure:8530: checking for sys/types.h
configure:8530: gcc -c -g -O2  conftest.c >&5
configure:8530: $? = 0
configure:8530: result: yes
configure:8530: checking for sys/stat.h
configure:8530: gcc -c -g -O2  conftest.c >&5
configure:8530: $? = 0
configure:8530: result: yes
configure:8530: checking for stdlib.h
configure:8530: gcc -c -g -O2  conftest.c >&5
configure:8530: $? = 0
configure:8530: result: yes
configure:8530: checking for string.h
configure:8530: gcc -c -g -O2  conftest.c >&5
configure:8530: $? = 0
configure:8530: result: yes
configure:8530: checking for memory.h
configure:8530: gcc -c -g -O2  conftest.c >&5
configure:8530: $? = 0
configure:8530: result: yes
configure:8530: checking for strings.h
configure:8530: gcc -c -g -O2  conftest.c >&5
configure:8530: $? = 0
configure:8530: result: yes
configure:8530: checking for inttypes.h
configure:8530: gcc -c -g -O2  conftest.c >&5
configure:8530: $? = 0
configure:8530: result: yes
configure:8530: checking for stdint.h
configure:8530: gcc -c -g -O2  conftest.c >&5
configure:8530: $? = 0
configure:8530: result: yes
configure:8530: checking for unistd.h
configure:8530: gcc -c -g -O2  conftest.c >&5
configure:8530: $? = 0
configure:8530: result: yes
configure:8544: checking for dlfcn.h
configure:8544: gcc -c -g -O2  conftest.c >&5
configure:8544: $? = 0
configure:8544: result: yes
configure:9108: checking for objdir
configure:9123: result: .libs
configure:9387: checking if gcc supports -fno-rtti -fno-exceptions
configure:9405: gcc -c -g -O2  -fno-rtti -fno-exceptions conftest.c >&5
cc1: warning: command line option '-fno-rtti' is valid for C++/D/ObjC++ but not for C
configure:9409: $? = 0
configure:9422: result: no
configure:9780: checking for gcc option to produce PIC
configure:9787: result: -fPIC -DPIC
configure:9795: checking if gcc PIC flag -fPIC -DPIC works
configure:9813: gcc -c -g -O2  -fPIC -DPIC -DPIC conftest.c >&5
configure:9817: $? = 0
configure:9830: result: yes
configure:9859: checking if gcc static flag -static works
configure:9887: result: yes
configure:9902: checking if gcc supports -c -o file.o
configure:9923: gcc -c -g -O2  -o out/conftest2.o conftest.c >&5
configure:9927: $? = 0
configure:9949: result: yes
configure:9957: checking if gcc supports -c -o file.o
configure:10004: result: yes
configure:10037: checking whether the gcc linker (/usr/bin/ld -m elf_x86_64) supports shared libraries
configure:11300: result: yes
configure:11540: checking dynamic linker characteristics
configure:12121: gcc -o conftest -g -O2   -Wl,-rpath -Wl,/foo conftest.c  >&5
configure:12121: $? = 0
configure:12370: result: GNU/Linux ld.so
configure:12492: checking how to hardcode library paths into programs
configure:12517: result: immediate
configure:13065: checking whether stripping libraries is possible
configure:13070: result: yes
configure:13105: checking if libtool supports shared libraries
configure:13107: result: yes
configure:13110: checking whether to build shared libraries
configure:13135: result: no
configure:13138: checking whether to build static libraries
configure:13142: result: yes
configure:9941: checking how to run the C++ preprocessor
configure:9968: g++ -E  conftest.cpp
configure:9968: $? = 0
configure:9982: g++ -E  conftest.cpp
conftest.cpp:23:10: fatal error: ac_nonexistent.h: No such file or directory
   23 | #include <ac_nonexistent.h>
      |          ^~~~~~~~~~~~~~~~~~
compilation terminated.
configure:9982: $? = 1
configure: failed program was:
| /* confdefs.h */
| #define PACKAGE_NAME "ODE"
| #define PACKAGE_TARNAME "ode"
| #define PACKAGE_VERSION "0.16.2"
| #define PACKAGE_STRING "ODE 0.16.2"
| #define PACKAGE_BUGREPORT "ode@ode.org"
| #define PACKAGE_URL ""
| #define PACKAGE "ode"
| #define VERSION "0.16.2"
| #define STDC_HEADERS 1
| #define HAVE_SYS_TYPES_H 1
| #define HAVE_SYS_STAT_H 1
| #define HAVE_STDLIB_H 1
| #define HAVE_STRING_H 1
| #define HAVE_MEMORY_H 1
| #define HAVE_STRINGS_H 1
| #define HAVE_INTTYPES_H 1
| #define HAVE_STDINT_H 1
| #define HAVE_UNISTD_H 1
| #define HAVE_DLFCN_H 1
| #define LT_OBJDIR ".libs/"
| /* end confdefs.h.  */
| #include <ac_nonexistent.h>
configure:10007: result: g++ -E
configure:10027: g++ -E  conftest.cpp
configure:10027: $? = 0
configure:10041: g++ -E  conftest.cpp
conftest.cpp:23:10: fatal error: ac_nonexistent.h: No such file or directory
   23 | #include <ac_nonexistent.h>
      |          ^~~~~~~~~~~~~~~~~~
compilation terminated.
configure:10041: $? = 1
configure: failed program was:
| /* confdefs.h */
| #define PACKAGE_NAME "ODE"
| #define PACKAGE_TARNAME "ode"
| #define PACKAGE_VERSION "0.16.2"
| #define PACKAGE_STRING "ODE 0.16.2"
| #define PACKAGE_BUGREPORT "ode@ode.org"
| #define PACKAGE_URL ""
| #define PACKAGE "ode"
| #define VERSION "0.16.2"
| #define STDC_HEADERS 1
| #define HAVE_SYS_TYPES_H 1
| #define HAVE_SYS_STAT_H 1
| #define HAVE_STDLIB_H 1
| #define HAVE_STRING_H 1
| #define HAVE_MEMORY_H 1
| #define HAVE_STRINGS_H 1
| #define HAVE_INTTYPES_H 1
| #define HAVE_STDINT_H 1
| #define HAVE_UNISTD_H 1
| #define HAVE_DLFCN_H 1
| #define LT_OBJDIR ".libs/"
| /* end confdefs.h.  */
| #include <ac_nonexistent.h>
configure:10203: checking for ld used by g++
configure:10270: result: /usr/bin/ld -m elf_x86_64
configure:10277: checking if the linker (/usr/bin/ld -m elf_x86_64) is GNU ld
configure:10292: result: yes
configure:10347: checking whether the g++ linker (/usr/bin/ld -m elf_x86_64) supports shared libraries
configure:11420: result: yes
configure:11456: g++ -c -g -O2  conftest.cpp >&5
configure:11459: $? = 0
configure:11940: checking for g++ option to produce PIC
configure:11947: result: -fPIC -DPIC
configure:11955: checking if g++ PIC flag -fPIC -DPIC works
configure:11973: g++ -c -g -O2  -fPIC -DPIC -DPIC conftest.cpp >&5
configure:11977: $? = 0
configure:11990: result: yes
configure:12013: checking if g++ static flag -static works
configure:12041: result: yes
configure:12053: checking if g++ supports -c -o file.o
configure:12074: g++ -c -g -O2  -o out/conftest2.o conftest.cpp >&5
configure:12078: $? = 0
configure:12100: result: yes
configure:12105: checking if g++ supports -c -o file.o
configure:12152: result: yes
configure:12182: checking whether the g++ linker (/usr/bin/ld -m elf_x86_64) supports shared libraries
configure:12225: result: yes
configure:12366: checking dynamic linker characteristics
configure:13123: result: GNU/Linux ld.so
configure:13188: checking how to hardcode library paths into programs
configure:13213: result: immediate
configure:12154: checking for windres
configure:12184: result: no
configure:12206: checking whether byte ordering is bigendian
configure:12221: gcc -c -g -O2  conftest.c >&5
conftest.c:24:9: error: unknown type name 'not'
   24 |         not a universal capable compiler
      |         ^~~
conftest.c:24:15: error: expected '=', ',', ';', 'asm' or '__attribute__' before 'universal'
   24 |         not a universal capable compiler
      |               ^~~~~~~~~
conftest.c:24:15: error: unknown type name 'universal'
configure:12221: $? = 1
configure: failed program was:
| /* confdefs.h */
| #define PACKAGE_NAME "ODE"
| #define PACKAGE_TARNAME "ode"
| #define PACKAGE_VERSION "0.16.2"
| #define PACKAGE_STRING "ODE 0.16.2"
| #define PACKAGE_BUGREPORT "ode@ode.org"
| #define PACKAGE_URL ""
| #define PACKAGE "ode"
| #define VERSION "0.16.2"
| #define STDC_HEADERS 1
| #define HAVE_SYS_TYPES_H 1
| #define HAVE_SYS_STAT_H 1
| #define HAVE_STDLIB_H 1
| #define HAVE_STRING_H 1
| #define HAVE_MEMORY_H 1
| #define HAVE_STRINGS_H 1
| #define HAVE_INTTYPES_H 1
| #define HAVE_STDINT_H 1
| #define HAVE_UNISTD_H 1
| #define HAVE_DLFCN_H 1
| #define LT_OBJDIR ".libs/"
| /* end confdefs.h.  */
| #ifndef __APPLE_CC__
| 	       not a universal capable compiler
| 	     #endif
| 	     typedef int dummy;
| 
configure:12266: gcc -c -g -O2  conftest.c >&5
configure:12266: $? = 0
configure:12284: gcc -c -g -O2  conftest.c >&5
conftest.c: In function 'main':
conftest.c:30:4: error: unknown type name 'not'; did you mean 'ino_t'?
   30 |    not big endian
      |    ^~~
      |    ino_t
conftest.c:30:12: error: expected '=', ',', ';', 'asm' or '__attribute__' before 'endian'
   30 |    not big endian
      |            ^~~~~~
configure:12284: $? = 1
configure: failed program was:
| /* confdefs.h */
| #define PACKAGE_NAME "ODE"
| #define PACKAGE_TARNAME "ode"
| #define PACKAGE_VERSION "0.16.2"
| #define PACKAGE_STRING "ODE 0.16.2"
| #define PACKAGE_BUGREPORT "ode@ode.org"
| #define PACKAGE_URL ""
| #define PACKAGE "ode"
| #define VERSION "0.16.2"
| #define STDC_HEADERS 1
| #define HAVE_SYS_TYPES_H 1
| #define HAVE_SYS_STAT_H 1
| #define HAVE_STDLIB_H 1
| #define HAVE_STRING_H 1
| #define HAVE_MEMORY_H 1
| #define HAVE_STRINGS_H 1
| #define HAVE_INTTYPES_H 1
| #define HAVE_STDINT_H 1
| #define HAVE_UNISTD_H 1
| #define HAVE_DLFCN_H 1
| #define LT_OBJDIR ".libs/"
| /* end confdefs.h.  */
| #include <sys/types.h>
| 		#include <sys/param.h>
| 
| int
| main ()
| {
| #if BYTE_ORDER != BIG_ENDIAN
| 		 not big endian
| 		#endif
| 
|   ;
|   return 0;
| }
configure:12412: result: no
configure:12430: checking for inline
configure:12446: gcc -c -g -O2  conftest.c >&5
configure:12446: $? = 0
configure:12454: result: inline
configure:12472: checking for working volatile
configure:12491: gcc -c -g -O2  conftest.c >&5
configure:12491: $? = 0
configure:12498: result: yes
configure:12559: checking for pkg-config
configure:12577: found /usr/bin/pkg-config
configure:12589: result: /usr/bin/pkg-config
configure:12614: checking pkg-config is at least version 0.9.0
configure:12617: result: yes
configure:12631: checking for doxygen
configure:12661: result: no
configure:12716: checking alloca.h usability
configure:12716: gcc -c -g -O2  conftest.c >&5
configure:12716: $? = 0
configure:12716: result: yes
configure:12716: checking alloca.h presence
configure:12716: gcc -E  conftest.c
configure:12716: $? = 0
configure:12716: result: yes
configure:12716: checking for alloca.h
configure:12716: result: yes
configure:12716: checking stdio.h usability
configure:12716: gcc -c -g -O2  conftest.c >&5
configure:12716: $? = 0
configure:12716: result: yes
configure:12716: checking stdio.h presence
configure:12716: gcc -E  conftest.c
configure:12716: $? = 0
configure:12716: result: yes
configure:12716: checking for stdio.h
configure:12716: result: yes
configure:12716: checking for inttypes.h
configure:12716: result: yes
configure:12716: checking for stdint.h
configure:12716: result: yes
configure:12716: checking for stdlib.h
configure:12716: result: yes
configure:12716: checking math.h usability
configure:12716: gcc -c -g -O2  conftest.c >&5
configure:12716: $? = 0
configure:12716: result: yes
configure:12716: checking math.h presence
configure:12716: gcc -E  conftest.c
configure:12716: $? = 0
configure:12716: result: yes
configure:12716: checking for math.h
configure:12716: result: yes
configure:12716: checking for string.h
configure:12716: result: yes
configure:12716: checking stdarg.h usability
configure:12716: gcc -c -g -O2  conftest.c >&5
configure:12716: $? = 0
configure:12716: result: yes
configure:12716: checking stdarg.h presence
configure:12716: gcc -E  conftest.c
configure:12716: $? = 0
configure:12716: result: yes
configure:12716: checking for stdarg.h
configure:12716: result: yes
configure:12716: checking malloc.h usability
configure:12716: gcc -c -g -O2  conftest.c >&5
configure:12716: $? = 0
configure:12716: result: yes
configure:12716: checking malloc.h presence
configure:12716: gcc -E  conftest.c
configure:12716: $? = 0
configure:12716: result: yes
configure:12716: checking for malloc.h
configure:12716: result: yes
configure:12716: checking float.h usability
configure:12716: gcc -c -g -O2  conftest.c >&5
configure:12716: $? = 0
configure:12716: result: yes
configure:12716: checking float.h presence
configure:12716: gcc -E  conftest.c
configure:12716: $? = 0
configure:12716: result: yes
configure:12716: checking for float.h
configure:12716: result: yes
configure:12716: checking time.h usability
configure:12716: gcc -c -g -O2  conftest.c >&5
configure:12716: $? = 0
configure:12716: result: yes
configure:12716: checking time.h presence
configure:12716: gcc -E  conftest.c
configure:12716: $? = 0
configure:12716: result: yes
configure:12716: checking for time.h
configure:12716: result: yes
configure:12716: checking sys/time.h usability
configure:12716: gcc -c -g -O2  conftest.c >&5
configure:12716: $? = 0
configure:12716: result: yes
configure:12716: checking sys/time.h presence
configure:12716: gcc -E  conftest.c
configure:12716: $? = 0
configure:12716: result: yes
configure:12716: checking for sys/time.h
configure:12716: result: yes
configure:12716: checking limits.h usability
configure:12716: gcc -c -g -O2  conftest.c >&5
configure:12716: $? = 0
configure:12716: result: yes
configure:12716: checking limits.h presence
configure:12716: gcc -E  conftest.c
configure:12716: $? = 0
configure:12716: result: yes
configure:12716: checking for limits.h
configure:12716: result: yes
configure:12716: checking stddef.h usability
configure:12716: gcc -c -g -O2  conftest.c >&5
configure:12716: $? = 0
configure:12716: result: yes
configure:12716: checking stddef.h presence
configure:12716: gcc -E  conftest.c
configure:12716: $? = 0
configure:12716: result: yes
configure:12716: checking for stddef.h
configure:12716: result: yes
configure:12774: checking if double precision is requested
configure:12783: result: yes
configure:12830: checking which drawstuff lib to build
configure:12832: result: X11
configure:12841: checking for X11
configure:12848: $PKG_CONFIG --exists --print-errors "x11"
configure:12851: $? = 0
configure:12864: $PKG_CONFIG --exists --print-errors "x11"
configure:12867: $? = 0
configure:12904: result: yes
configure:12920: checking for GL/gl.h
configure:12920: gcc -c -g -O2  conftest.c >&5
configure:12920: $? = 0
configure:12920: result: yes
configure:12920: checking for GL/glu.h
configure:12920: gcc -c -g -O2  conftest.c >&5
configure:12920: $? = 0
configure:12920: result: yes
configure:12920: checking for GL/glext.h
configure:12920: gcc -c -g -O2  conftest.c >&5
configure:12920: $? = 0
configure:12920: result: yes
configure:12945: checking for main in -lGL
configure:12964: gcc -o conftest -g -O2   conftest.c -lGL   >&5
configure:12964: $? = 0
configure:12973: result: yes
configure:12979: checking for main in -lGLU
configure:12998: gcc -o conftest -g -O2   conftest.c -lGLU -lGL  >&5
configure:12998: $? = 0
configure:13007: result: yes
configure:13013: checking for main in -lopengl32
configure:13032: gcc -o conftest -g -O2   conftest.c -lopengl32   >&5
/usr/bin/ld: cannot find -lopengl32
collect2: error: ld returned 1 exit status
configure:13032: $? = 1
configure: failed program was:
| /* confdefs.h */
| #define PACKAGE_NAME "ODE"
| #define PACKAGE_TARNAME "ode"
| #define PACKAGE_VERSION "0.16.2"
| #define PACKAGE_STRING "ODE 0.16.2"
| #define PACKAGE_BUGREPORT "ode@ode.org"
| #define PACKAGE_URL ""
| #define PACKAGE "ode"
| #define VERSION "0.16.2"
| #define STDC_HEADERS 1
| #define HAVE_SYS_TYPES_H 1
| #define HAVE_SYS_STAT_H 1
| #define HAVE_STDLIB_H 1
| #define HAVE_STRING_H 1
| #define HAVE_MEMORY_H 1
| #define HAVE_STRINGS_H 1
| #define HAVE_INTTYPES_H 1
| #define HAVE_STDINT_H 1
| #define HAVE_UNISTD_H 1
| #define HAVE_DLFCN_H 1
| #define LT_OBJDIR ".libs/"
| #define X86_64_SYSTEM 1
| #define HAVE_ALLOCA_H 1
| #define HAVE_STDIO_H 1
| #define HAVE_INTTYPES_H 1
| #define HAVE_STDINT_H 1
| #define HAVE_STDLIB_H 1
| #define HAVE_MATH_H 1
| #define HAVE_STRING_H 1
| #define HAVE_STDARG_H 1
| #define HAVE_MALLOC_H 1
| #define HAVE_FLOAT_H 1
| #define HAVE_TIME_H 1
| #define HAVE_SYS_TIME_H 1
| #define HAVE_LIMITS_H 1
| #define HAVE_STDDEF_H 1
| #define HAVE_GL_GL_H 1
| #define HAVE_GL_GLU_H 1
| #define HAVE_GL_GLEXT_H 1
| /* end confdefs.h.  */
| 
| 
| int
| main ()
| {
| return main ();
|   ;
|   return 0;
| }
configure:13041: result: no
configure:13047: checking for main in -lglu32
configure:13066: gcc -o conftest -g -O2   conftest.c -lglu32 -lopengl32  >&5
/usr/bin/ld: cannot find -lglu32
/usr/bin/ld: cannot find -lopengl32
collect2: error: ld returned 1 exit status
configure:13066: $? = 1
configure: failed program was:
| /* confdefs.h */
| #define PACKAGE_NAME "ODE"
| #define PACKAGE_TARNAME "ode"
| #define PACKAGE_VERSION "0.16.2"
| #define PACKAGE_STRING "ODE 0.16.2"
| #define PACKAGE_BUGREPORT "ode@ode.org"
| #define PACKAGE_URL ""
| #define PACKAGE "ode"
| #define VERSION "0.16.2"
| #define STDC_HEADERS 1
| #define HAVE_SYS_TYPES_H 1
| #define HAVE_SYS_STAT_H 1
| #define HAVE_STDLIB_H 1
| #define HAVE_STRING_H 1
| #define HAVE_MEMORY_H 1
| #define HAVE_STRINGS_H 1
| #define HAVE_INTTYPES_H 1
| #define HAVE_STDINT_H 1
| #define HAVE_UNISTD_H 1
| #define HAVE_DLFCN_H 1
| #define LT_OBJDIR ".libs/"
| #define X86_64_SYSTEM 1
| #define HAVE_ALLOCA_H 1
| #define HAVE_STDIO_H 1
| #define HAVE_INTTYPES_H 1
| #define HAVE_STDINT_H 1
| #define HAVE_STDLIB_H 1
| #define HAVE_MATH_H 1
| #define HAVE_STRING_H 1
| #define HAVE_STDARG_H 1
| #define HAVE_MALLOC_H 1
| #define HAVE_FLOAT_H 1
| #define HAVE_TIME_H 1
| #define HAVE_SYS_TIME_H 1
| #define HAVE_LIMITS_H 1
| #define HAVE_STDDEF_H 1
| #define HAVE_GL_GL_H 1
| #define HAVE_GL_GLU_H 1
| #define HAVE_GL_GLEXT_H 1
| /* end confdefs.h.  */
| 
| 
| int
| main ()
| {
| return main ();
|   ;
|   return 0;
| }
configure:13075: result: no
configure:13121: checking if demos should be built
configure:13137: result: yes
configure:13142: checking for main in -lstdc++
configure:13161: gcc -o conftest -g -O2   conftest.c -lstdc++   >&5
configure:13161: $? = 0
configure:13170: result: yes
configure:13179: checking for main in -lpthread
configure:13198: gcc -o conftest -g -O2   conftest.c -lpthread   >&5
configure:13198: $? = 0
configure:13207: result: yes
configure:13241: checking for gprof
configure:13291: result: no
configure:13296: checking for stdbool.h that conforms to C99
configure:13363: gcc -c -g -O2  conftest.c >&5
configure:13363: $? = 0
configure:13370: result: yes
configure:13372: checking for _Bool
configure:13372: gcc -c -g -O2  conftest.c >&5
configure:13372: $? = 0
configure:13372: gcc -c -g -O2  conftest.c >&5
conftest.c: In function 'main':
conftest.c:77:20: error: expected expression before ')' token
   77 | if (sizeof ((_Bool)))
      |                    ^
configure:13372: $? = 1
configure: failed program was:
| /* confdefs.h */
| #define PACKAGE_NAME "ODE"
| #define PACKAGE_TARNAME "ode"
| #define PACKAGE_VERSION "0.16.2"
| #define PACKAGE_STRING "ODE 0.16.2"
| #define PACKAGE_BUGREPORT "ode@ode.org"
| #define PACKAGE_URL ""
| #define PACKAGE "ode"
| #define VERSION "0.16.2"
| #define STDC_HEADERS 1
| #define HAVE_SYS_TYPES_H 1
| #define HAVE_SYS_STAT_H 1
| #define HAVE_STDLIB_H 1
| #define HAVE_STRING_H 1
| #define HAVE_MEMORY_H 1
| #define HAVE_STRINGS_H 1
| #define HAVE_INTTYPES_H 1
| #define HAVE_STDINT_H 1
| #define HAVE_UNISTD_H 1
| #define HAVE_DLFCN_H 1
| #define LT_OBJDIR ".libs/"
| #define X86_64_SYSTEM 1
| #define HAVE_ALLOCA_H 1
| #define HAVE_STDIO_H 1
| #define HAVE_INTTYPES_H 1
| #define HAVE_STDINT_H 1
| #define HAVE_STDLIB_H 1
| #define HAVE_MATH_H 1
| #define HAVE_STRING_H 1
| #define HAVE_STDARG_H 1
| #define HAVE_MALLOC_H 1
| #define HAVE_FLOAT_H 1
| #define HAVE_TIME_H 1
| #define HAVE_SYS_TIME_H 1
| #define HAVE_LIMITS_H 1
| #define HAVE_STDDEF_H 1
| #define HAVE_GL_GL_H 1
| #define HAVE_GL_GLU_H 1
| #define HAVE_GL_GLEXT_H 1
| /* end confdefs.h.  */
| #include <stdio.h>
| #ifdef HAVE_SYS_TYPES_H
| # include <sys/types.h>
| #endif
| #ifdef HAVE_SYS_STAT_H
| # include <sys/stat.h>
| #endif
| #ifdef STDC_HEADERS
| # include <stdlib.h>
| # include <stddef.h>
| #else
| # ifdef HAVE_STDLIB_H
| #  include <stdlib.h>
| # endif
| #endif
| #ifdef HAVE_STRING_H
| # if !defined STDC_HEADERS && defined HAVE_MEMORY_H
| #  include <memory.h>
| # endif
| # include <string.h>
| #endif
| #ifdef HAVE_STRINGS_H
| # include <strings.h>
| #endif
| #ifdef HAVE_INTTYPES_H
| # include <inttypes.h>
| #endif
| #ifdef HAVE_STDINT_H
| # include <stdint.h>
| #endif
| #ifdef HAVE_UNISTD_H
| # include <unistd.h>
| #endif
| int
| main ()
| {
| if (sizeof ((_Bool)))
| 	    return 0;
|   ;
|   return 0;
| }
configure:13372: result: yes
configure:13389: checking for inline
configure:13413: result: inline
configure:13431: checking for int32_t
configure:13431: gcc -c -g -O2  conftest.c >&5
configure:13431: $? = 0
configure:13431: gcc -c -g -O2  conftest.c >&5
conftest.c: In function 'main':
conftest.c:81:53: warning: integer overflow in expression of type 'int' results in '-2147483648' [-Woverflow]
   81 |    < (int32_t) (((((int32_t) 1 << N) << N) - 1) * 2 + 2))];
      |                                                     ^
conftest.c:80:12: error: storage size of 'test_array' isn't constant
   80 | static int test_array [1 - 2 * !((int32_t) (((((int32_t) 1 << N) << N) - 1) * 2 + 1)
      |            ^~~~~~~~~~
configure:13431: $? = 1
configure: failed program was:
| /* confdefs.h */
| #define PACKAGE_NAME "ODE"
| #define PACKAGE_TARNAME "ode"
| #define PACKAGE_VERSION "0.16.2"
| #define PACKAGE_STRING "ODE 0.16.2"
| #define PACKAGE_BUGREPORT "ode@ode.org"
| #define PACKAGE_URL ""
| #define PACKAGE "ode"
| #define VERSION "0.16.2"
| #define STDC_HEADERS 1
| #define HAVE_SYS_TYPES_H 1
| #define HAVE_SYS_STAT_H 1
| #define HAVE_STDLIB_H 1
| #define HAVE_STRING_H 1
| #define HAVE_MEMORY_H 1
| #define HAVE_STRINGS_H 1
| #define HAVE_INTTYPES_H 1
| #define HAVE_STDINT_H 1
| #define HAVE_UNISTD_H 1
| #define HAVE_DLFCN_H 1
| #define LT_OBJDIR ".libs/"
| #define X86_64_SYSTEM 1
| #define HAVE_ALLOCA_H 1
| #define HAVE_STDIO_H 1
| #define HAVE_INTTYPES_H 1
| #define HAVE_STDINT_H 1
| #define HAVE_STDLIB_H 1
| #define HAVE_MATH_H 1
| #define HAVE_STRING_H 1
| #define HAVE_STDARG_H 1
| #define HAVE_MALLOC_H 1
| #define HAVE_FLOAT_H 1
| #define HAVE_TIME_H 1
| #define HAVE_SYS_TIME_H 1
| #define HAVE_LIMITS_H 1
| #define HAVE_STDDEF_H 1
| #define HAVE_GL_GL_H 1
| #define HAVE_GL_GLU_H 1
| #define HAVE_GL_GLEXT_H 1
| #define HAVE__BOOL 1
| #define HAVE_STDBOOL_H 1
| /* end confdefs.h.  */
| #include <stdio.h>
| #ifdef HAVE_SYS_TYPES_H
| # include <sys/types.h>
| #endif
| #ifdef HAVE_SYS_STAT_H
| # include <sys/stat.h>
| #endif
| #ifdef STDC_HEADERS
| # include <stdlib.h>
| # include <stddef.h>
| #else
| # ifdef HAVE_STDLIB_H
| #  include <stdlib.h>
| # endif
| #endif
| #ifdef HAVE_STRING_H
| # if !defined STDC_HEADERS && defined HAVE_MEMORY_H
| #  include <memory.h>
| # endif
| # include <string.h>
| #endif
| #ifdef HAVE_STRINGS_H
| # include <strings.h>
| #endif
| #ifdef HAVE_INTTYPES_H
| # include <inttypes.h>
| #endif
| #ifdef HAVE_STDINT_H
| # include <stdint.h>
| #endif
| #ifdef HAVE_UNISTD_H
| # include <unistd.h>
| #endif
| 	        enum { N = 32 / 2 - 1 };
| int
| main ()
| {
| static int test_array [1 - 2 * !((int32_t) (((((int32_t) 1 << N) << N) - 1) * 2 + 1)
| 		 < (int32_t) (((((int32_t) 1 << N) << N) - 1) * 2 + 2))];
| test_array [0] = 0;
| return test_array [0];
| 
|   ;
|   return 0;
| }
configure:13431: result: yes
configure:13442: checking for obstacks
configure:13463: gcc -o conftest -g -O2   conftest.c  -lpthread >&5
configure:13463: $? = 0
configure:13471: result: yes
configure:13486: checking for size_t
configure:13486: gcc -c -g -O2  conftest.c >&5
configure:13486: $? = 0
configure:13486: gcc -c -g -O2  conftest.c >&5
conftest.c: In function 'main':
conftest.c:80:21: error: expected expression before ')' token
   80 | if (sizeof ((size_t)))
      |                     ^
configure:13486: $? = 1
configure: failed program was:
| /* confdefs.h */
| #define PACKAGE_NAME "ODE"
| #define PACKAGE_TARNAME "ode"
| #define PACKAGE_VERSION "0.16.2"
| #define PACKAGE_STRING "ODE 0.16.2"
| #define PACKAGE_BUGREPORT "ode@ode.org"
| #define PACKAGE_URL ""
| #define PACKAGE "ode"
| #define VERSION "0.16.2"
| #define STDC_HEADERS 1
| #define HAVE_SYS_TYPES_H 1
| #define HAVE_SYS_STAT_H 1
| #define HAVE_STDLIB_H 1
| #define HAVE_STRING_H 1
| #define HAVE_MEMORY_H 1
| #define HAVE_STRINGS_H 1
| #define HAVE_INTTYPES_H 1
| #define HAVE_STDINT_H 1
| #define HAVE_UNISTD_H 1
| #define HAVE_DLFCN_H 1
| #define LT_OBJDIR ".libs/"
| #define X86_64_SYSTEM 1
| #define HAVE_ALLOCA_H 1
| #define HAVE_STDIO_H 1
| #define HAVE_INTTYPES_H 1
| #define HAVE_STDINT_H 1
| #define HAVE_STDLIB_H 1
| #define HAVE_MATH_H 1
| #define HAVE_STRING_H 1
| #define HAVE_STDARG_H 1
| #define HAVE_MALLOC_H 1
| #define HAVE_FLOAT_H 1
| #define HAVE_TIME_H 1
| #define HAVE_SYS_TIME_H 1
| #define HAVE_LIMITS_H 1
| #define HAVE_STDDEF_H 1
| #define HAVE_GL_GL_H 1
| #define HAVE_GL_GLU_H 1
| #define HAVE_GL_GLEXT_H 1
| #define HAVE__BOOL 1
| #define HAVE_STDBOOL_H 1
| #define HAVE_OBSTACK 1
| /* end confdefs.h.  */
| #include <stdio.h>
| #ifdef HAVE_SYS_TYPES_H
| # include <sys/types.h>
| #endif
| #ifdef HAVE_SYS_STAT_H
| # include <sys/stat.h>
| #endif
| #ifdef STDC_HEADERS
| # include <stdlib.h>
| # include <stddef.h>
| #else
| # ifdef HAVE_STDLIB_H
| #  include <stdlib.h>
| # endif
| #endif
| #ifdef HAVE_STRING_H
| # if !defined STDC_HEADERS && defined HAVE_MEMORY_H
| #  include <memory.h>
| # endif
| # include <string.h>
| #endif
| #ifdef HAVE_STRINGS_H
| # include <strings.h>
| #endif
| #ifdef HAVE_INTTYPES_H
| # include <inttypes.h>
| #endif
| #ifdef HAVE_STDINT_H
| # include <stdint.h>
| #endif
| #ifdef HAVE_UNISTD_H
| # include <unistd.h>
| #endif
| int
| main ()
| {
| if (sizeof ((size_t)))
| 	    return 0;
|   ;
|   return 0;
| }
configure:13486: result: yes
configure:13497: checking for uint32_t
configure:13497: gcc -c -g -O2  conftest.c >&5
configure:13497: $? = 0
configure:13497: result: yes
configure:13512: checking for main in -lm
configure:13531: gcc -o conftest -g -O2   conftest.c -lm   -lpthread >&5
configure:13531: $? = 0
configure:13540: result: yes
configure:13551: checking for main in -lsunmath
configure:13570: gcc -o conftest -g -O2   conftest.c -lsunmath  -lm  -lpthread >&5
/usr/bin/ld: cannot find -lsunmath
collect2: error: ld returned 1 exit status
configure:13570: $? = 1
configure: failed program was:
| /* confdefs.h */
| #define PACKAGE_NAME "ODE"
| #define PACKAGE_TARNAME "ode"
| #define PACKAGE_VERSION "0.16.2"
| #define PACKAGE_STRING "ODE 0.16.2"
| #define PACKAGE_BUGREPORT "ode@ode.org"
| #define PACKAGE_URL ""
| #define PACKAGE "ode"
| #define VERSION "0.16.2"
| #define STDC_HEADERS 1
| #define HAVE_SYS_TYPES_H 1
| #define HAVE_SYS_STAT_H 1
| #define HAVE_STDLIB_H 1
| #define HAVE_STRING_H 1
| #define HAVE_MEMORY_H 1
| #define HAVE_STRINGS_H 1
| #define HAVE_INTTYPES_H 1
| #define HAVE_STDINT_H 1
| #define HAVE_UNISTD_H 1
| #define HAVE_DLFCN_H 1
| #define LT_OBJDIR ".libs/"
| #define X86_64_SYSTEM 1
| #define HAVE_ALLOCA_H 1
| #define HAVE_STDIO_H 1
| #define HAVE_INTTYPES_H 1
| #define HAVE_STDINT_H 1
| #define HAVE_STDLIB_H 1
| #define HAVE_MATH_H 1
| #define HAVE_STRING_H 1
| #define HAVE_STDARG_H 1
| #define HAVE_MALLOC_H 1
| #define HAVE_FLOAT_H 1
| #define HAVE_TIME_H 1
| #define HAVE_SYS_TIME_H 1
| #define HAVE_LIMITS_H 1
| #define HAVE_STDDEF_H 1
| #define HAVE_GL_GL_H 1
| #define HAVE_GL_GLU_H 1
| #define HAVE_GL_GLEXT_H 1
| #define HAVE__BOOL 1
| #define HAVE_STDBOOL_H 1
| #define HAVE_OBSTACK 1
| #define HAVE_LIBM 1
| /* end confdefs.h.  */
| 
| 
| int
| main ()
| {
| return main ();
|   ;
|   return 0;
| }
configure:13579: result: no
configure:13590: checking for main in -lrt
configure:13609: gcc -o conftest -g -O2   conftest.c -lrt  -lm  -lpthread >&5
configure:13609: $? = 0
configure:13618: result: yes
configure:13632: checking for atan2f
configure:13632: gcc -o conftest -g -O2   conftest.c -lrt -lm  -lpthread >&5
conftest.c:69:6: warning: conflicting types for built-in function 'atan2f'; expected 'float(float,  float)' [-Wbuiltin-declaration-mismatch]
   69 | char atan2f ();
      |      ^~~~~~
conftest.c:57:1: note: 'atan2f' is declared in header '<math.h>'
   56 | # include <limits.h>
   57 | #else
configure:13632: $? = 0
configure:13632: result: yes
configure:13632: checking for clock_gettime
configure:13632: gcc -o conftest -g -O2   conftest.c -lrt -lm  -lpthread >&5
configure:13632: $? = 0
configure:13632: result: yes
configure:13632: checking for copysign
configure:13632: gcc -o conftest -g -O2   conftest.c -lrt -lm  -lpthread >&5
conftest.c:71:6: warning: conflicting types for built-in function 'copysign'; expected 'double(double,  double)' [-Wbuiltin-declaration-mismatch]
   71 | char copysign ();
      |      ^~~~~~~~
conftest.c:59:1: note: 'copysign' is declared in header '<math.h>'
   58 | # include <limits.h>
   59 | #else
configure:13632: $? = 0
configure:13632: result: yes
configure:13632: checking for copysignf
configure:13632: gcc -o conftest -g -O2   conftest.c -lrt -lm  -lpthread >&5
conftest.c:72:6: warning: conflicting types for built-in function 'copysignf'; expected 'float(float,  float)' [-Wbuiltin-declaration-mismatch]
   72 | char copysignf ();
      |      ^~~~~~~~~
conftest.c:60:1: note: 'copysignf' is declared in header '<math.h>'
   59 | # include <limits.h>
   60 | #else
configure:13632: $? = 0
configure:13632: result: yes
configure:13632: checking for cosf
configure:13632: gcc -o conftest -g -O2   conftest.c -lrt -lm  -lpthread >&5
conftest.c:73:6: warning: conflicting types for built-in function 'cosf'; expected 'float(float)' [-Wbuiltin-declaration-mismatch]
   73 | char cosf ();
      |      ^~~~
conftest.c:61:1: note: 'cosf' is declared in header '<math.h>'
   60 | # include <limits.h>
   61 | #else
configure:13632: $? = 0
configure:13632: result: yes
configure:13632: checking for fabsf
configure:13632: gcc -o conftest -g -O2   conftest.c -lrt -lm  -lpthread >&5
conftest.c:74:6: warning: conflicting types for built-in function 'fabsf'; expected 'float(float)' [-Wbuiltin-declaration-mismatch]
   74 | char fabsf ();
      |      ^~~~~
conftest.c:62:1: note: 'fabsf' is declared in header '<math.h>'
   61 | # include <limits.h>
   62 | #else
configure:13632: $? = 0
configure:13632: result: yes
configure:13632: checking for floor
configure:13632: gcc -o conftest -g -O2   conftest.c -lrt -lm  -lpthread >&5
conftest.c:75:6: warning: conflicting types for built-in function 'floor'; expected 'double(double)' [-Wbuiltin-declaration-mismatch]
   75 | char floor ();
      |      ^~~~~
conftest.c:63:1: note: 'floor' is declared in header '<math.h>'
   62 | # include <limits.h>
   63 | #else
configure:13632: $? = 0
configure:13632: result: yes
configure:13632: checking for fmodf
configure:13632: gcc -o conftest -g -O2   conftest.c -lrt -lm  -lpthread >&5
conftest.c:76:6: warning: conflicting types for built-in function 'fmodf'; expected 'float(float,  float)' [-Wbuiltin-declaration-mismatch]
   76 | char fmodf ();
      |      ^~~~~
conftest.c:64:1: note: 'fmodf' is declared in header '<math.h>'
   63 | # include <limits.h>
   64 | #else
configure:13632: $? = 0
configure:13632: result: yes
configure:13632: checking for gettimeofday
configure:13632: gcc -o conftest -g -O2   conftest.c -lrt -lm  -lpthread >&5
configure:13632: $? = 0
configure:13632: result: yes
configure:13632: checking for isnan
configure:13632: gcc -o conftest -g -O2   conftest.c -lrt -lm  -lpthread >&5
conftest.c:78:6: warning: conflicting types for built-in function 'isnan'; expected 'int()' [-Wbuiltin-declaration-mismatch]
   78 | char isnan ();
      |      ^~~~~
conftest.c:66:1: note: 'isnan' is declared in header '<math.h>'
   65 | # include <limits.h>
   66 | #else
configure:13632: $? = 0
configure:13632: result: yes
configure:13632: checking for _isnan
configure:13632: gcc -o conftest -g -O2   conftest.c -lrt -lm  -lpthread >&5
/usr/bin/ld: /tmp/ccQwsGXO.o: in function `main':
/home/jack/Downloads/ode-0.16.2/conftest.c:90: undefined reference to `_isnan'
collect2: error: ld returned 1 exit status
configure:13632: $? = 1
configure: failed program was:
| /* confdefs.h */
| #define PACKAGE_NAME "ODE"
| #define PACKAGE_TARNAME "ode"
| #define PACKAGE_VERSION "0.16.2"
| #define PACKAGE_STRING "ODE 0.16.2"
| #define PACKAGE_BUGREPORT "ode@ode.org"
| #define PACKAGE_URL ""
| #define PACKAGE "ode"
| #define VERSION "0.16.2"
| #define STDC_HEADERS 1
| #define HAVE_SYS_TYPES_H 1
| #define HAVE_SYS_STAT_H 1
| #define HAVE_STDLIB_H 1
| #define HAVE_STRING_H 1
| #define HAVE_MEMORY_H 1
| #define HAVE_STRINGS_H 1
| #define HAVE_INTTYPES_H 1
| #define HAVE_STDINT_H 1
| #define HAVE_UNISTD_H 1
| #define HAVE_DLFCN_H 1
| #define LT_OBJDIR ".libs/"
| #define X86_64_SYSTEM 1
| #define HAVE_ALLOCA_H 1
| #define HAVE_STDIO_H 1
| #define HAVE_INTTYPES_H 1
| #define HAVE_STDINT_H 1
| #define HAVE_STDLIB_H 1
| #define HAVE_MATH_H 1
| #define HAVE_STRING_H 1
| #define HAVE_STDARG_H 1
| #define HAVE_MALLOC_H 1
| #define HAVE_FLOAT_H 1
| #define HAVE_TIME_H 1
| #define HAVE_SYS_TIME_H 1
| #define HAVE_LIMITS_H 1
| #define HAVE_STDDEF_H 1
| #define HAVE_GL_GL_H 1
| #define HAVE_GL_GLU_H 1
| #define HAVE_GL_GLEXT_H 1
| #define HAVE__BOOL 1
| #define HAVE_STDBOOL_H 1
| #define HAVE_OBSTACK 1
| #define HAVE_LIBM 1
| #define HAVE_LIBRT 1
| #define HAVE_ATAN2F 1
| #define HAVE_CLOCK_GETTIME 1
| #define HAVE_COPYSIGN 1
| #define HAVE_COPYSIGNF 1
| #define HAVE_COSF 1
| #define HAVE_FABSF 1
| #define HAVE_FLOOR 1
| #define HAVE_FMODF 1
| #define HAVE_GETTIMEOFDAY 1
| #define HAVE_ISNAN 1
| /* end confdefs.h.  */
| /* Define _isnan to an innocuous variant, in case <limits.h> declares _isnan.
|    For example, HP-UX 11i <limits.h> declares gettimeofday.  */
| #define _isnan innocuous__isnan
| 
| /* System header to define __stub macros and hopefully few prototypes,
|     which can conflict with char _isnan (); below.
|     Prefer <limits.h> to <assert.h> if __STDC__ is defined, since
|     <limits.h> exists even on freestanding compilers.  */
| 
| #ifdef __STDC__
| # include <limits.h>
| #else
| # include <assert.h>
| #endif
| 
| #undef _isnan
| 
| /* Override any GCC internal prototype to avoid an error.
|    Use char because int might match the return type of a GCC
|    builtin and then its argument prototype would still apply.  */
| #ifdef __cplusplus
| extern "C"
| #endif
| char _isnan ();
| /* The GNU C library defines this for functions which it implements
|     to always fail with ENOSYS.  Some functions are actually named
|     something starting with __ and the normal name is an alias.  */
| #if defined __stub__isnan || defined __stub____isnan
| choke me
| #endif
| 
| int
| main ()
| {
| return _isnan ();
|   ;
|   return 0;
| }
configure:13632: result: no
configure:13632: checking for __isnan
configure:13632: gcc -o conftest -g -O2   conftest.c -lrt -lm  -lpthread >&5
configure:13632: $? = 0
configure:13632: result: yes
configure:13632: checking for isnanf
configure:13632: gcc -o conftest -g -O2   conftest.c -lrt -lm  -lpthread >&5
conftest.c:80:6: warning: conflicting types for built-in function 'isnanf'; expected 'int(float)' [-Wbuiltin-declaration-mismatch]
   80 | char isnanf ();
      |      ^~~~~~
configure:13632: $? = 0
configure:13632: result: yes
configure:13632: checking for _isnanf
configure:13632: gcc -o conftest -g -O2   conftest.c -lrt -lm  -lpthread >&5
/usr/bin/ld: /tmp/ccV4w7Nj.o: in function `main':
/home/jack/Downloads/ode-0.16.2/conftest.c:92: undefined reference to `_isnanf'
collect2: error: ld returned 1 exit status
configure:13632: $? = 1
configure: failed program was:
| /* confdefs.h */
| #define PACKAGE_NAME "ODE"
| #define PACKAGE_TARNAME "ode"
| #define PACKAGE_VERSION "0.16.2"
| #define PACKAGE_STRING "ODE 0.16.2"
| #define PACKAGE_BUGREPORT "ode@ode.org"
| #define PACKAGE_URL ""
| #define PACKAGE "ode"
| #define VERSION "0.16.2"
| #define STDC_HEADERS 1
| #define HAVE_SYS_TYPES_H 1
| #define HAVE_SYS_STAT_H 1
| #define HAVE_STDLIB_H 1
| #define HAVE_STRING_H 1
| #define HAVE_MEMORY_H 1
| #define HAVE_STRINGS_H 1
| #define HAVE_INTTYPES_H 1
| #define HAVE_STDINT_H 1
| #define HAVE_UNISTD_H 1
| #define HAVE_DLFCN_H 1
| #define LT_OBJDIR ".libs/"
| #define X86_64_SYSTEM 1
| #define HAVE_ALLOCA_H 1
| #define HAVE_STDIO_H 1
| #define HAVE_INTTYPES_H 1
| #define HAVE_STDINT_H 1
| #define HAVE_STDLIB_H 1
| #define HAVE_MATH_H 1
| #define HAVE_STRING_H 1
| #define HAVE_STDARG_H 1
| #define HAVE_MALLOC_H 1
| #define HAVE_FLOAT_H 1
| #define HAVE_TIME_H 1
| #define HAVE_SYS_TIME_H 1
| #define HAVE_LIMITS_H 1
| #define HAVE_STDDEF_H 1
| #define HAVE_GL_GL_H 1
| #define HAVE_GL_GLU_H 1
| #define HAVE_GL_GLEXT_H 1
| #define HAVE__BOOL 1
| #define HAVE_STDBOOL_H 1
| #define HAVE_OBSTACK 1
| #define HAVE_LIBM 1
| #define HAVE_LIBRT 1
| #define HAVE_ATAN2F 1
| #define HAVE_CLOCK_GETTIME 1
| #define HAVE_COPYSIGN 1
| #define HAVE_COPYSIGNF 1
| #define HAVE_COSF 1
| #define HAVE_FABSF 1
| #define HAVE_FLOOR 1
| #define HAVE_FMODF 1
| #define HAVE_GETTIMEOFDAY 1
| #define HAVE_ISNAN 1
| #define HAVE___ISNAN 1
| #define HAVE_ISNANF 1
| /* end confdefs.h.  */
| /* Define _isnanf to an innocuous variant, in case <limits.h> declares _isnanf.
|    For example, HP-UX 11i <limits.h> declares gettimeofday.  */
| #define _isnanf innocuous__isnanf
| 
| /* System header to define __stub macros and hopefully few prototypes,
|     which can conflict with char _isnanf (); below.
|     Prefer <limits.h> to <assert.h> if __STDC__ is defined, since
|     <limits.h> exists even on freestanding compilers.  */
| 
| #ifdef __STDC__
| # include <limits.h>
| #else
| # include <assert.h>
| #endif
| 
| #undef _isnanf
| 
| /* Override any GCC internal prototype to avoid an error.
|    Use char because int might match the return type of a GCC
|    builtin and then its argument prototype would still apply.  */
| #ifdef __cplusplus
| extern "C"
| #endif
| char _isnanf ();
| /* The GNU C library defines this for functions which it implements
|     to always fail with ENOSYS.  Some functions are actually named
|     something starting with __ and the normal name is an alias.  */
| #if defined __stub__isnanf || defined __stub____isnanf
| choke me
| #endif
| 
| int
| main ()
| {
| return _isnanf ();
|   ;
|   return 0;
| }
configure:13632: result: no
configure:13632: checking for __isnanf
configure:13632: gcc -o conftest -g -O2   conftest.c -lrt -lm  -lpthread >&5
configure:13632: $? = 0
configure:13632: result: yes
configure:13632: checking for memmove
configure:13632: gcc -o conftest -g -O2   conftest.c -lrt -lm  -lpthread >&5
conftest.c:82:6: warning: conflicting types for built-in function 'memmove'; expected 'void *(void *, const void *, long unsigned int)' [-Wbuiltin-declaration-mismatch]
   82 | char memmove ();
      |      ^~~~~~~
conftest.c:70:1: note: 'memmove' is declared in header '<string.h>'
   69 | # include <limits.h>
   70 | #else
configure:13632: $? = 0
configure:13632: result: yes
configure:13632: checking for memset
configure:13632: gcc -o conftest -g -O2   conftest.c -lrt -lm  -lpthread >&5
conftest.c:83:6: warning: conflicting types for built-in function 'memset'; expected 'void *(void *, int,  long unsigned int)' [-Wbuiltin-declaration-mismatch]
   83 | char memset ();
      |      ^~~~~~
conftest.c:71:1: note: 'memset' is declared in header '<string.h>'
   70 | # include <limits.h>
   71 | #else
configure:13632: $? = 0
configure:13632: result: yes
configure:13632: checking for pthread_attr_setstacklazy
configure:13632: gcc -o conftest -g -O2   conftest.c -lrt -lm  -lpthread >&5
/usr/bin/ld: /tmp/ccpmLCQt.o: in function `main':
/home/jack/Downloads/ode-0.16.2/conftest.c:95: undefined reference to `pthread_attr_setstacklazy'
collect2: error: ld returned 1 exit status
configure:13632: $? = 1
configure: failed program was:
| /* confdefs.h */
| #define PACKAGE_NAME "ODE"
| #define PACKAGE_TARNAME "ode"
| #define PACKAGE_VERSION "0.16.2"
| #define PACKAGE_STRING "ODE 0.16.2"
| #define PACKAGE_BUGREPORT "ode@ode.org"
| #define PACKAGE_URL ""
| #define PACKAGE "ode"
| #define VERSION "0.16.2"
| #define STDC_HEADERS 1
| #define HAVE_SYS_TYPES_H 1
| #define HAVE_SYS_STAT_H 1
| #define HAVE_STDLIB_H 1
| #define HAVE_STRING_H 1
| #define HAVE_MEMORY_H 1
| #define HAVE_STRINGS_H 1
| #define HAVE_INTTYPES_H 1
| #define HAVE_STDINT_H 1
| #define HAVE_UNISTD_H 1
| #define HAVE_DLFCN_H 1
| #define LT_OBJDIR ".libs/"
| #define X86_64_SYSTEM 1
| #define HAVE_ALLOCA_H 1
| #define HAVE_STDIO_H 1
| #define HAVE_INTTYPES_H 1
| #define HAVE_STDINT_H 1
| #define HAVE_STDLIB_H 1
| #define HAVE_MATH_H 1
| #define HAVE_STRING_H 1
| #define HAVE_STDARG_H 1
| #define HAVE_MALLOC_H 1
| #define HAVE_FLOAT_H 1
| #define HAVE_TIME_H 1
| #define HAVE_SYS_TIME_H 1
| #define HAVE_LIMITS_H 1
| #define HAVE_STDDEF_H 1
| #define HAVE_GL_GL_H 1
| #define HAVE_GL_GLU_H 1
| #define HAVE_GL_GLEXT_H 1
| #define HAVE__BOOL 1
| #define HAVE_STDBOOL_H 1
| #define HAVE_OBSTACK 1
| #define HAVE_LIBM 1
| #define HAVE_LIBRT 1
| #define HAVE_ATAN2F 1
| #define HAVE_CLOCK_GETTIME 1
| #define HAVE_COPYSIGN 1
| #define HAVE_COPYSIGNF 1
| #define HAVE_COSF 1
| #define HAVE_FABSF 1
| #define HAVE_FLOOR 1
| #define HAVE_FMODF 1
| #define HAVE_GETTIMEOFDAY 1
| #define HAVE_ISNAN 1
| #define HAVE___ISNAN 1
| #define HAVE_ISNANF 1
| #define HAVE___ISNANF 1
| #define HAVE_MEMMOVE 1
| #define HAVE_MEMSET 1
| /* end confdefs.h.  */
| /* Define pthread_attr_setstacklazy to an innocuous variant, in case <limits.h> declares pthread_attr_setstacklazy.
|    For example, HP-UX 11i <limits.h> declares gettimeofday.  */
| #define pthread_attr_setstacklazy innocuous_pthread_attr_setstacklazy
| 
| /* System header to define __stub macros and hopefully few prototypes,
|     which can conflict with char pthread_attr_setstacklazy (); below.
|     Prefer <limits.h> to <assert.h> if __STDC__ is defined, since
|     <limits.h> exists even on freestanding compilers.  */
| 
| #ifdef __STDC__
| # include <limits.h>
| #else
| # include <assert.h>
| #endif
| 
| #undef pthread_attr_setstacklazy
| 
| /* Override any GCC internal prototype to avoid an error.
|    Use char because int might match the return type of a GCC
|    builtin and then its argument prototype would still apply.  */
| #ifdef __cplusplus
| extern "C"
| #endif
| char pthread_attr_setstacklazy ();
| /* The GNU C library defines this for functions which it implements
|     to always fail with ENOSYS.  Some functions are actually named
|     something starting with __ and the normal name is an alias.  */
| #if defined __stub_pthread_attr_setstacklazy || defined __stub___pthread_attr_setstacklazy
| choke me
| #endif
| 
| int
| main ()
| {
| return pthread_attr_setstacklazy ();
|   ;
|   return 0;
| }
configure:13632: result: no
configure:13632: checking for pthread_attr_setinheritsched
configure:13632: gcc -o conftest -g -O2   conftest.c -lrt -lm  -lpthread >&5
configure:13632: $? = 0
configure:13632: result: yes
configure:13632: checking for pthread_condattr_setclock
configure:13632: gcc -o conftest -g -O2   conftest.c -lrt -lm  -lpthread >&5
configure:13632: $? = 0
configure:13632: result: yes
configure:13632: checking for sinf
configure:13632: gcc -o conftest -g -O2   conftest.c -lrt -lm  -lpthread >&5
conftest.c:86:6: warning: conflicting types for built-in function 'sinf'; expected 'float(float)' [-Wbuiltin-declaration-mismatch]
   86 | char sinf ();
      |      ^~~~
conftest.c:74:1: note: 'sinf' is declared in header '<math.h>'
   73 | # include <limits.h>
   74 | #else
configure:13632: $? = 0
configure:13632: result: yes
configure:13632: checking for snprintf
configure:13632: gcc -o conftest -g -O2   conftest.c -lrt -lm  -lpthread >&5
conftest.c:87:6: warning: conflicting types for built-in function 'snprintf'; expected 'int(char *, long unsigned int,  const char *, ...)' [-Wbuiltin-declaration-mismatch]
   87 | char snprintf ();
      |      ^~~~~~~~
conftest.c:75:1: note: 'snprintf' is declared in header '<stdio.h>'
   74 | # include <limits.h>
   75 | #else
configure:13632: $? = 0
configure:13632: result: yes
configure:13632: checking for sqrt
configure:13632: gcc -o conftest -g -O2   conftest.c -lrt -lm  -lpthread >&5
conftest.c:88:6: warning: conflicting types for built-in function 'sqrt'; expected 'double(double)' [-Wbuiltin-declaration-mismatch]
   88 | char sqrt ();
      |      ^~~~
conftest.c:76:1: note: 'sqrt' is declared in header '<math.h>'
   75 | # include <limits.h>
   76 | #else
configure:13632: $? = 0
configure:13632: result: yes
configure:13632: checking for sqrtf
configure:13632: gcc -o conftest -g -O2   conftest.c -lrt -lm  -lpthread >&5
conftest.c:89:6: warning: conflicting types for built-in function 'sqrtf'; expected 'float(float)' [-Wbuiltin-declaration-mismatch]
   89 | char sqrtf ();
      |      ^~~~~
conftest.c:77:1: note: 'sqrtf' is declared in header '<math.h>'
   76 | # include <limits.h>
   77 | #else
configure:13632: $? = 0
configure:13632: result: yes
configure:13632: checking for strchr
configure:13632: gcc -o conftest -g -O2   conftest.c -lrt -lm  -lpthread >&5
conftest.c:90:6: warning: conflicting types for built-in function 'strchr'; expected 'char *(const char *, int)' [-Wbuiltin-declaration-mismatch]
   90 | char strchr ();
      |      ^~~~~~
conftest.c:78:1: note: 'strchr' is declared in header '<string.h>'
   77 | # include <limits.h>
   78 | #else
configure:13632: $? = 0
configure:13632: result: yes
configure:13632: checking for strstr
configure:13632: gcc -o conftest -g -O2   conftest.c -lrt -lm  -lpthread >&5
conftest.c:91:6: warning: conflicting types for built-in function 'strstr'; expected 'char *(const char *, const char *)' [-Wbuiltin-declaration-mismatch]
   91 | char strstr ();
      |      ^~~~~~
conftest.c:79:1: note: 'strstr' is declared in header '<string.h>'
   78 | # include <limits.h>
   79 | #else
configure:13632: $? = 0
configure:13632: result: yes
configure:13632: checking for vsnprintf
configure:13632: gcc -o conftest -g -O2   conftest.c -lrt -lm  -lpthread >&5
conftest.c:92:6: warning: conflicting types for built-in function 'vsnprintf'; expected 'int(char *, long unsigned int,  const char *, __va_list_tag *)' [-Wbuiltin-declaration-mismatch]
   92 | char vsnprintf ();
      |      ^~~~~~~~~
conftest.c:80:1: note: 'vsnprintf' is declared in header '<stdio.h>'
   79 | # include <limits.h>
   80 | #else
configure:13632: $? = 0
configure:13632: result: yes
configure:13643: checking for working alloca.h
configure:13660: gcc -o conftest -g -O2   conftest.c -lrt -lm  -lpthread >&5
configure:13660: $? = 0
configure:13668: result: yes
configure:13676: checking for alloca
configure:13713: gcc -o conftest -g -O2   conftest.c -lrt -lm  -lpthread >&5
configure:13713: $? = 0
configure:13721: result: yes
configure:13828: checking for pthread_condattr_setclock
configure:13828: result: yes
configure:13837: checking for no_pthread_condattr_setclock
configure:13837: gcc -o conftest -g -O2   conftest.c -lrt -lm  -lpthread >&5
/usr/bin/ld: /tmp/ccrqYrxB.o: in function `main':
/home/jack/Downloads/ode-0.16.2/conftest.c:106: undefined reference to `no_pthread_condattr_setclock'
collect2: error: ld returned 1 exit status
configure:13837: $? = 1
configure: failed program was:
| /* confdefs.h */
| #define PACKAGE_NAME "ODE"
| #define PACKAGE_TARNAME "ode"
| #define PACKAGE_VERSION "0.16.2"
| #define PACKAGE_STRING "ODE 0.16.2"
| #define PACKAGE_BUGREPORT "ode@ode.org"
| #define PACKAGE_URL ""
| #define PACKAGE "ode"
| #define VERSION "0.16.2"
| #define STDC_HEADERS 1
| #define HAVE_SYS_TYPES_H 1
| #define HAVE_SYS_STAT_H 1
| #define HAVE_STDLIB_H 1
| #define HAVE_STRING_H 1
| #define HAVE_MEMORY_H 1
| #define HAVE_STRINGS_H 1
| #define HAVE_INTTYPES_H 1
| #define HAVE_STDINT_H 1
| #define HAVE_UNISTD_H 1
| #define HAVE_DLFCN_H 1
| #define LT_OBJDIR ".libs/"
| #define X86_64_SYSTEM 1
| #define HAVE_ALLOCA_H 1
| #define HAVE_STDIO_H 1
| #define HAVE_INTTYPES_H 1
| #define HAVE_STDINT_H 1
| #define HAVE_STDLIB_H 1
| #define HAVE_MATH_H 1
| #define HAVE_STRING_H 1
| #define HAVE_STDARG_H 1
| #define HAVE_MALLOC_H 1
| #define HAVE_FLOAT_H 1
| #define HAVE_TIME_H 1
| #define HAVE_SYS_TIME_H 1
| #define HAVE_LIMITS_H 1
| #define HAVE_STDDEF_H 1
| #define HAVE_GL_GL_H 1
| #define HAVE_GL_GLU_H 1
| #define HAVE_GL_GLEXT_H 1
| #define HAVE__BOOL 1
| #define HAVE_STDBOOL_H 1
| #define HAVE_OBSTACK 1
| #define HAVE_LIBM 1
| #define HAVE_LIBRT 1
| #define HAVE_ATAN2F 1
| #define HAVE_CLOCK_GETTIME 1
| #define HAVE_COPYSIGN 1
| #define HAVE_COPYSIGNF 1
| #define HAVE_COSF 1
| #define HAVE_FABSF 1
| #define HAVE_FLOOR 1
| #define HAVE_FMODF 1
| #define HAVE_GETTIMEOFDAY 1
| #define HAVE_ISNAN 1
| #define HAVE___ISNAN 1
| #define HAVE_ISNANF 1
| #define HAVE___ISNANF 1
| #define HAVE_MEMMOVE 1
| #define HAVE_MEMSET 1
| #define HAVE_PTHREAD_ATTR_SETINHERITSCHED 1
| #define HAVE_PTHREAD_CONDATTR_SETCLOCK 1
| #define HAVE_SINF 1
| #define HAVE_SNPRINTF 1
| #define HAVE_SQRT 1
| #define HAVE_SQRTF 1
| #define HAVE_STRCHR 1
| #define HAVE_STRSTR 1
| #define HAVE_VSNPRINTF 1
| #define HAVE_ALLOCA_H 1
| #define HAVE_ALLOCA 1
| /* end confdefs.h.  */
| /* Define no_pthread_condattr_setclock to an innocuous variant, in case <limits.h> declares no_pthread_condattr_setclock.
|    For example, HP-UX 11i <limits.h> declares gettimeofday.  */
| #define no_pthread_condattr_setclock innocuous_no_pthread_condattr_setclock
| 
| /* System header to define __stub macros and hopefully few prototypes,
|     which can conflict with char no_pthread_condattr_setclock (); below.
|     Prefer <limits.h> to <assert.h> if __STDC__ is defined, since
|     <limits.h> exists even on freestanding compilers.  */
| 
| #ifdef __STDC__
| # include <limits.h>
| #else
| # include <assert.h>
| #endif
| 
| #undef no_pthread_condattr_setclock
| 
| /* Override any GCC internal prototype to avoid an error.
|    Use char because int might match the return type of a GCC
|    builtin and then its argument prototype would still apply.  */
| #ifdef __cplusplus
| extern "C"
| #endif
| char no_pthread_condattr_setclock ();
| /* The GNU C library defines this for functions which it implements
|     to always fail with ENOSYS.  Some functions are actually named
|     something starting with __ and the normal name is an alias.  */
| #if defined __stub_no_pthread_condattr_setclock || defined __stub___no_pthread_condattr_setclock
| choke me
| #endif
| 
| int
| main ()
| {
| return no_pthread_condattr_setclock ();
|   ;
|   return 0;
| }
configure:13837: result: no
configure:14395: checking that generated files are newer than configure
configure:14401: result: done
configure:14513: creating ./config.status

## ---------------------- ##
## Running config.status. ##
## ---------------------- ##

This file was extended by ODE config.status 0.16.2, which was
generated by GNU Autoconf 2.69.  Invocation command line was

  CONFIG_FILES    = 
  CONFIG_HEADERS  = 
  CONFIG_LINKS    = 
  CONFIG_COMMANDS = 
  $ ./config.status 

on desktop

config.status:1288: creating Makefile
config.status:1288: creating drawstuff/Makefile
config.status:1288: creating drawstuff/src/Makefile
config.status:1288: creating drawstuff/dstest/Makefile
config.status:1288: creating include/Makefile
config.status:1288: creating include/drawstuff/Makefile
config.status:1288: creating include/ode/Makefile
config.status:1288: creating include/ode/version.h
config.status:1288: creating include/ode/precision.h
config.status:1288: creating ode/Makefile
config.status:1288: creating ode/doc/Doxyfile
config.status:1288: creating ode/doc/Makefile
config.status:1288: creating ode/src/Makefile
config.status:1288: creating ode/src/joints/Makefile
config.status:1288: creating ode/demo/Makefile
config.status:1288: creating OPCODE/Makefile
config.status:1288: creating OPCODE/Ice/Makefile
config.status:1288: creating GIMPACT/Makefile
config.status:1288: creating GIMPACT/include/Makefile
config.status:1288: creating GIMPACT/include/GIMPACT/Makefile
config.status:1288: creating GIMPACT/src/Makefile
config.status:1288: creating tests/Makefile
config.status:1288: creating tests/joints/Makefile
config.status:1288: creating tests/UnitTest++/Makefile
config.status:1288: creating tests/UnitTest++/src/Makefile
config.status:1288: creating tests/UnitTest++/src/Posix/Makefile
config.status:1288: creating tests/UnitTest++/src/Win32/Makefile
config.status:1288: creating ode-config
config.status:1288: creating ode.pc
config.status:1288: creating ode/src/config.h
config.status:1469: ode/src/config.h is unchanged
config.status:1517: executing depfiles commands
config.status:1594: cd drawstuff/src       && sed -e '/# am--include-marker/d' Makefile         | make -f - am--depfiles
make: Nothing to be done for 'am--depfiles'.
config.status:1599: $? = 0
config.status:1594: cd drawstuff/dstest       && sed -e '/# am--include-marker/d' Makefile         | make -f - am--depfiles
make: Nothing to be done for 'am--depfiles'.
config.status:1599: $? = 0
config.status:1594: cd ode/src       && sed -e '/# am--include-marker/d' Makefile         | make -f - am--depfiles
make: Nothing to be done for 'am--depfiles'.
config.status:1599: $? = 0
config.status:1594: cd ode/src/joints       && sed -e '/# am--include-marker/d' Makefile         | make -f - am--depfiles
make: Nothing to be done for 'am--depfiles'.
config.status:1599: $? = 0
config.status:1594: cd ode/demo       && sed -e '/# am--include-marker/d' Makefile         | make -f - am--depfiles
make: Nothing to be done for 'am--depfiles'.
config.status:1599: $? = 0
config.status:1594: cd OPCODE       && sed -e '/# am--include-marker/d' Makefile         | make -f - am--depfiles
make: Nothing to be done for 'am--depfiles'.
config.status:1599: $? = 0
config.status:1594: cd OPCODE/Ice       && sed -e '/# am--include-marker/d' Makefile         | make -f - am--depfiles
make: Nothing to be done for 'am--depfiles'.
config.status:1599: $? = 0
config.status:1594: cd GIMPACT/src       && sed -e '/# am--include-marker/d' Makefile         | make -f - am--depfiles
make: Nothing to be done for 'am--depfiles'.
config.status:1599: $? = 0
config.status:1594: cd tests       && sed -e '/# am--include-marker/d' Makefile         | make -f - am--depfiles
make: Nothing to be done for 'am--depfiles'.
config.status:1599: $? = 0
config.status:1594: cd tests/joints       && sed -e '/# am--include-marker/d' Makefile         | make -f - am--depfiles
make: Nothing to be done for 'am--depfiles'.
config.status:1599: $? = 0
config.status:1594: cd tests/UnitTest++/src       && sed -e '/# am--include-marker/d' Makefile         | make -f - am--depfiles
make: Nothing to be done for 'am--depfiles'.
config.status:1599: $? = 0
config.status:1594: cd tests/UnitTest++/src/Posix       && sed -e '/# am--include-marker/d' Makefile         | make -f - am--depfiles
make: Nothing to be done for 'am--depfiles'.
config.status:1599: $? = 0
config.status:1594: cd tests/UnitTest++/src/Win32       && sed -e '/# am--include-marker/d' Makefile         | make -f - am--depfiles
make: Nothing to be done for 'am--depfiles'.
config.status:1599: $? = 0
config.status:1517: executing libtool commands
configure:17023: === configuring in ou (/home/jack/Downloads/ode-0.16.2/ou)
configure:17086: running /bin/bash ./configure --disable-option-checking '--prefix=/usr/local'  '--enable-double-precision' 'PKG_CONFIG_PATH=/opt/ros/noetic/lib/pkgconfig:/usr/local/lib/pkgconfig:/opt/openrobots/lib/pkgconfig:' --cache-file=/dev/null --srcdir=.
configure:17023: === configuring in libccd (/home/jack/Downloads/ode-0.16.2/libccd)
configure:17086: running /bin/bash ./configure --disable-option-checking '--prefix=/usr/local'  '--enable-double-precision' 'PKG_CONFIG_PATH=/opt/ros/noetic/lib/pkgconfig:/usr/local/lib/pkgconfig:/opt/openrobots/lib/pkgconfig:' --cache-file=/dev/null --srcdir=.

## ---------------- ##
## Cache variables. ##
## ---------------- ##

ac_cv_build=x86_64-pc-linux-gnu
ac_cv_c_bigendian=no
ac_cv_c_compiler_gnu=yes
ac_cv_c_inline=inline
ac_cv_c_int32_t=yes
ac_cv_c_uint32_t=yes
ac_cv_c_volatile=yes
ac_cv_cxx_compiler_gnu=yes
ac_cv_env_CCC_set=
ac_cv_env_CCC_value=
ac_cv_env_CCD_CFLAGS_set=
ac_cv_env_CCD_CFLAGS_value=
ac_cv_env_CCD_LIBS_set=
ac_cv_env_CCD_LIBS_value=
ac_cv_env_CC_set=
ac_cv_env_CC_value=
ac_cv_env_CFLAGS_set=
ac_cv_env_CFLAGS_value=
ac_cv_env_CPPFLAGS_set=
ac_cv_env_CPPFLAGS_value=
ac_cv_env_CPP_set=
ac_cv_env_CPP_value=
ac_cv_env_CXXCPP_set=
ac_cv_env_CXXCPP_value=
ac_cv_env_CXXFLAGS_set=
ac_cv_env_CXXFLAGS_value=
ac_cv_env_CXX_set=
ac_cv_env_CXX_value=
ac_cv_env_DOXYGEN_set=
ac_cv_env_DOXYGEN_value=
ac_cv_env_LDFLAGS_set=
ac_cv_env_LDFLAGS_value=
ac_cv_env_LIBS_set=
ac_cv_env_LIBS_value=
ac_cv_env_LT_SYS_LIBRARY_PATH_set=
ac_cv_env_LT_SYS_LIBRARY_PATH_value=
ac_cv_env_PKG_CONFIG_LIBDIR_set=
ac_cv_env_PKG_CONFIG_LIBDIR_value=
ac_cv_env_PKG_CONFIG_PATH_set=set
ac_cv_env_PKG_CONFIG_PATH_value=/opt/ros/noetic/lib/pkgconfig:/usr/local/lib/pkgconfig:/opt/openrobots/lib/pkgconfig:
ac_cv_env_PKG_CONFIG_set=
ac_cv_env_PKG_CONFIG_value=
ac_cv_env_X11_CFLAGS_set=
ac_cv_env_X11_CFLAGS_value=
ac_cv_env_X11_LIBS_set=
ac_cv_env_X11_LIBS_value=
ac_cv_env_build_alias_set=
ac_cv_env_build_alias_value=
ac_cv_env_host_alias_set=
ac_cv_env_host_alias_value=
ac_cv_env_target_alias_set=
ac_cv_env_target_alias_value=
ac_cv_func___isnan=yes
ac_cv_func___isnanf=yes
ac_cv_func__isnan=no
ac_cv_func__isnanf=no
ac_cv_func_alloca_works=yes
ac_cv_func_atan2f=yes
ac_cv_func_clock_gettime=yes
ac_cv_func_copysign=yes
ac_cv_func_copysignf=yes
ac_cv_func_cosf=yes
ac_cv_func_fabsf=yes
ac_cv_func_floor=yes
ac_cv_func_fmodf=yes
ac_cv_func_gettimeofday=yes
ac_cv_func_isnan=yes
ac_cv_func_isnanf=yes
ac_cv_func_memmove=yes
ac_cv_func_memset=yes
ac_cv_func_no_pthread_condattr_setclock=no
ac_cv_func_obstack=yes
ac_cv_func_pthread_attr_setinheritsched=yes
ac_cv_func_pthread_attr_setstacklazy=no
ac_cv_func_pthread_condattr_setclock=yes
ac_cv_func_sinf=yes
ac_cv_func_snprintf=yes
ac_cv_func_sqrt=yes
ac_cv_func_sqrtf=yes
ac_cv_func_strchr=yes
ac_cv_func_strstr=yes
ac_cv_func_vsnprintf=yes
ac_cv_header_GL_gl_h=yes
ac_cv_header_GL_glext_h=yes
ac_cv_header_GL_glu_h=yes
ac_cv_header_alloca_h=yes
ac_cv_header_dlfcn_h=yes
ac_cv_header_float_h=yes
ac_cv_header_inttypes_h=yes
ac_cv_header_limits_h=yes
ac_cv_header_malloc_h=yes
ac_cv_header_math_h=yes
ac_cv_header_memory_h=yes
ac_cv_header_stdarg_h=yes
ac_cv_header_stdbool_h=yes
ac_cv_header_stdc=yes
ac_cv_header_stddef_h=yes
ac_cv_header_stdint_h=yes
ac_cv_header_stdio_h=yes
ac_cv_header_stdlib_h=yes
ac_cv_header_string_h=yes
ac_cv_header_strings_h=yes
ac_cv_header_sys_stat_h=yes
ac_cv_header_sys_time_h=yes
ac_cv_header_sys_types_h=yes
ac_cv_header_time_h=yes
ac_cv_header_unistd_h=yes
ac_cv_host=x86_64-pc-linux-gnu
ac_cv_lib_GLU_main=yes
ac_cv_lib_GL_main=yes
ac_cv_lib_glu32_main=no
ac_cv_lib_m_main=yes
ac_cv_lib_opengl32_main=no
ac_cv_lib_pthread_main=yes
ac_cv_lib_rt_main=yes
ac_cv_lib_stdcpp_main=yes
ac_cv_lib_sunmath_main=no
ac_cv_objext=o
ac_cv_path_EGREP='/usr/bin/grep -E'
ac_cv_path_FGREP='/usr/bin/grep -F'
ac_cv_path_GREP=/usr/bin/grep
ac_cv_path_SED=/usr/bin/sed
ac_cv_path_ac_pt_PKG_CONFIG=/usr/bin/pkg-config
ac_cv_path_install='/usr/bin/install -c'
ac_cv_path_lt_DD=/usr/bin/dd
ac_cv_path_mkdir=/usr/bin/mkdir
ac_cv_prog_AWK=mawk
ac_cv_prog_CPP='gcc -E'
ac_cv_prog_CXXCPP='g++ -E'
ac_cv_prog_ac_ct_AR=ar
ac_cv_prog_ac_ct_CC=gcc
ac_cv_prog_ac_ct_CXX=g++
ac_cv_prog_ac_ct_MANIFEST_TOOL=mt
ac_cv_prog_ac_ct_OBJDUMP=objdump
ac_cv_prog_ac_ct_RANLIB=ranlib
ac_cv_prog_ac_ct_STRIP=strip
ac_cv_prog_cc_c89=
ac_cv_prog_cc_g=yes
ac_cv_prog_cxx_g=yes
ac_cv_prog_make_make_set=yes
ac_cv_type__Bool=yes
ac_cv_type_size_t=yes
ac_cv_working_alloca_h=yes
am_cv_CC_dependencies_compiler_type=gcc3
am_cv_CXX_dependencies_compiler_type=gcc3
am_cv_make_support_nested_variables=yes
am_cv_prog_cc_c_o=yes
lt_cv_ar_at_file=@
lt_cv_deplibs_check_method=pass_all
lt_cv_file_magic_cmd='$MAGIC_CMD'
lt_cv_file_magic_test_file=
lt_cv_ld_reload_flag=-r
lt_cv_nm_interface='BSD nm'
lt_cv_objdir=.libs
lt_cv_path_LD=/usr/bin/ld
lt_cv_path_LDCXX='/usr/bin/ld -m elf_x86_64'
lt_cv_path_NM='/usr/bin/nm -B'
lt_cv_path_mainfest_tool=no
lt_cv_prog_compiler_c_o=yes
lt_cv_prog_compiler_c_o_CXX=yes
lt_cv_prog_compiler_pic='-fPIC -DPIC'
lt_cv_prog_compiler_pic_CXX='-fPIC -DPIC'
lt_cv_prog_compiler_pic_works=yes
lt_cv_prog_compiler_pic_works_CXX=yes
lt_cv_prog_compiler_rtti_exceptions=no
lt_cv_prog_compiler_static_works=yes
lt_cv_prog_compiler_static_works_CXX=yes
lt_cv_prog_gnu_ld=yes
lt_cv_prog_gnu_ldcxx=yes
lt_cv_sharedlib_from_linklib_cmd='printf %s\n'
lt_cv_shlibpath_overrides_runpath=yes
lt_cv_sys_global_symbol_pipe='sed -n -e '\''s/^.*[	 ]\([ABCDGIRSTW][ABCDGIRSTW]*\)[	 ][	 ]*\([_A-Za-z][_A-Za-z0-9]*\)$/\1 \2 \2/p'\'' | sed '\''/ __gnu_lto/d'\'''
lt_cv_sys_global_symbol_to_c_name_address='sed -n -e '\''s/^: \(.*\) .*$/  {"\1", (void *) 0},/p'\'' -e '\''s/^[ABCDGIRSTW][ABCDGIRSTW]* .* \(.*\)$/  {"\1", (void *) \&\1},/p'\'''
lt_cv_sys_global_symbol_to_c_name_address_lib_prefix='sed -n -e '\''s/^: \(.*\) .*$/  {"\1", (void *) 0},/p'\'' -e '\''s/^[ABCDGIRSTW][ABCDGIRSTW]* .* \(lib.*\)$/  {"\1", (void *) \&\1},/p'\'' -e '\''s/^[ABCDGIRSTW][ABCDGIRSTW]* .* \(.*\)$/  {"lib\1", (void *) \&\1},/p'\'''
lt_cv_sys_global_symbol_to_cdecl='sed -n -e '\''s/^T .* \(.*\)$/extern int \1();/p'\'' -e '\''s/^[ABCDGIRSTW][ABCDGIRSTW]* .* \(.*\)$/extern char \1;/p'\'''
lt_cv_sys_global_symbol_to_import=
lt_cv_sys_max_cmd_len=1572864
lt_cv_to_host_file_cmd=func_convert_file_noop
lt_cv_to_tool_file_cmd=func_convert_file_noop
lt_cv_truncate_bin='/usr/bin/dd bs=4096 count=1'
pkg_cv_X11_CFLAGS=
pkg_cv_X11_LIBS=-lX11

## ----------------- ##
## Output variables. ##
## ----------------- ##

ACLOCAL='${SHELL} /home/jack/Downloads/ode-0.16.2/missing aclocal-1.16'
ALLOCA=''
AMDEPBACKSLASH='\'
AMDEP_FALSE='#'
AMDEP_TRUE=''
AMTAR='$${TAR-tar}'
AM_BACKSLASH='\'
AM_DEFAULT_V='$(AM_DEFAULT_VERBOSITY)'
AM_DEFAULT_VERBOSITY='1'
AM_V='$(V)'
AR='ar'
AS='as'
AUTOCONF='${SHELL} /home/jack/Downloads/ode-0.16.2/missing autoconf'
AUTOHEADER='${SHELL} /home/jack/Downloads/ode-0.16.2/missing autoheader'
AUTOMAKE='${SHELL} /home/jack/Downloads/ode-0.16.2/missing automake-1.16'
AWK='mawk'
CC='gcc'
CCDEPMODE='depmode=gcc3'
CCD_CFLAGS=''
CCD_LIBS=''
CFLAGS='-g -O2'
CPP='gcc -E'
CPPFLAGS=''
CXX='g++'
CXXCPP='g++ -E'
CXXDEPMODE='depmode=gcc3'
CXXFLAGS='-g -O2'
CYGPATH_W='echo'
DEFS='-DHAVE_CONFIG_H'
DEPDIR='.deps'
DLLTOOL='false'
DOXYGEN=''
DSYMUTIL=''
DUMPBIN=''
ECHO_C=''
ECHO_N='-n'
ECHO_T=''
EGREP='/usr/bin/grep -E'
ENABLE_DEMOS_FALSE='#'
ENABLE_DEMOS_TRUE=''
ENABLE_DRAWSTUFF_FALSE='#'
ENABLE_DRAWSTUFF_TRUE=''
ENABLE_OU_FALSE='#'
ENABLE_OU_TRUE=''
EXEEXT=''
EXTRA_LIBTOOL_LDFLAGS=''
FGREP='/usr/bin/grep -F'
GIMPACT_FALSE=''
GIMPACT_TRUE='#'
GL_LIBS='-lGLU -lGL'
GREP='/usr/bin/grep'
HAVE_DOXYGEN_FALSE=''
HAVE_DOXYGEN_TRUE='#'
INSTALL_DATA='${INSTALL} -m 644'
INSTALL_PROGRAM='${INSTALL}'
INSTALL_SCRIPT='${INSTALL}'
INSTALL_STRIP_PROGRAM='$(install_sh) -c -s'
LD='/usr/bin/ld -m elf_x86_64'
LDFLAGS=''
LIBCCD_BOX_CYL_FALSE=''
LIBCCD_BOX_CYL_TRUE='#'
LIBCCD_CAP_CYL_FALSE=''
LIBCCD_CAP_CYL_TRUE='#'
LIBCCD_CONVEX_BOX_FALSE=''
LIBCCD_CONVEX_BOX_TRUE='#'
LIBCCD_CONVEX_CAP_FALSE=''
LIBCCD_CONVEX_CAP_TRUE='#'
LIBCCD_CONVEX_CONVEX_FALSE=''
LIBCCD_CONVEX_CONVEX_TRUE='#'
LIBCCD_CONVEX_CYL_FALSE=''
LIBCCD_CONVEX_CYL_TRUE='#'
LIBCCD_CONVEX_SPHERE_FALSE=''
LIBCCD_CONVEX_SPHERE_TRUE='#'
LIBCCD_CYL_CYL_FALSE=''
LIBCCD_CYL_CYL_TRUE='#'
LIBCCD_FALSE=''
LIBCCD_INTERNAL_FALSE=''
LIBCCD_INTERNAL_TRUE='#'
LIBCCD_TRUE='#'
LIBOBJS=''
LIBS='-lrt -lm  -lpthread'
LIBSTDCXX='-lstdc++'
LIBTOOL='$(SHELL) $(top_builddir)/libtool'
LIPO=''
LN_S='ln -s'
LTLIBOBJS=''
LT_SYS_LIBRARY_PATH=''
MAKEINFO='${SHELL} /home/jack/Downloads/ode-0.16.2/missing makeinfo'
MANIFEST_TOOL=':'
MKDIR_P='/usr/bin/mkdir -p'
NM='/usr/bin/nm -B'
NMEDIT=''
OBJDUMP='objdump'
OBJEXT='o'
ODE_PRECISION='dDOUBLE'
ODE_VERSION='0.16.2'
ODE_VERSION_INFO='-version-info 8:2:0'
OPCODE_FALSE='#'
OPCODE_TRUE=''
OSX_FALSE=''
OSX_TRUE='#'
OTOOL64=''
OTOOL=''
PACKAGE='ode'
PACKAGE_BUGREPORT='ode@ode.org'
PACKAGE_NAME='ODE'
PACKAGE_STRING='ODE 0.16.2'
PACKAGE_TARNAME='ode'
PACKAGE_URL=''
PACKAGE_VERSION='0.16.2'
PATH_SEPARATOR=':'
PKG_CONFIG='/usr/bin/pkg-config'
PKG_CONFIG_LIBDIR=''
PKG_CONFIG_PATH='/opt/ros/noetic/lib/pkgconfig:/usr/local/lib/pkgconfig:/opt/openrobots/lib/pkgconfig:'
RANLIB='ranlib'
SED='/usr/bin/sed'
SET_MAKE=''
SHELL='/bin/bash'
STRIP='strip'
TRIMESH_FALSE='#'
TRIMESH_TRUE=''
VERSION='0.16.2'
WIN32_FALSE=''
WIN32_TRUE='#'
WINDRES=''
X11_CFLAGS=''
X11_FALSE='#'
X11_LIBS='-lX11'
X11_TRUE=''
X86_64_SYSTEM_FALSE='#'
X86_64_SYSTEM_TRUE=''
ac_ct_AR='ar'
ac_ct_CC='gcc'
ac_ct_CXX='g++'
ac_ct_DUMPBIN=''
ac_ct_WINDRES=''
am__EXEEXT_FALSE=''
am__EXEEXT_TRUE='#'
am__fastdepCC_FALSE='#'
am__fastdepCC_TRUE=''
am__fastdepCXX_FALSE='#'
am__fastdepCXX_TRUE=''
am__include='include'
am__isrc=''
am__leading_dot='.'
am__nodep='_no'
am__quote=''
am__tar='$${TAR-tar} chof - "$$tardir"'
am__untar='$${TAR-tar} xf -'
bindir='${exec_prefix}/bin'
build='x86_64-pc-linux-gnu'
build_alias=''
build_cpu='x86_64'
build_os='linux-gnu'
build_vendor='pc'
datadir='${datarootdir}'
datarootdir='${prefix}/share'
docdir='${datarootdir}/doc/${PACKAGE_TARNAME}'
dvidir='${docdir}'
exec_prefix='${prefix}'
host='x86_64-pc-linux-gnu'
host_alias=''
host_cpu='x86_64'
host_os='linux-gnu'
host_vendor='pc'
htmldir='${docdir}'
includedir='${prefix}/include'
infodir='${datarootdir}/info'
install_sh='${SHELL} /home/jack/Downloads/ode-0.16.2/install-sh'
libdir='${exec_prefix}/lib'
libexecdir='${exec_prefix}/libexec'
localedir='${datarootdir}/locale'
localstatedir='${prefix}/var'
mandir='${datarootdir}/man'
mkdir_p='$(MKDIR_P)'
oldincludedir='/usr/include'
pdfdir='${docdir}'
prefix='/usr/local'
program_transform_name='s,x,x,'
psdir='${docdir}'
runstatedir='${localstatedir}/run'
sbindir='${exec_prefix}/sbin'
sharedstatedir='${prefix}/com'
subdirs=' ou libccd'
sysconfdir='${prefix}/etc'
target_alias=''

## ----------- ##
## confdefs.h. ##
## ----------- ##

/* confdefs.h */
#define PACKAGE_NAME "ODE"
#define PACKAGE_TARNAME "ode"
#define PACKAGE_VERSION "0.16.2"
#define PACKAGE_STRING "ODE 0.16.2"
#define PACKAGE_BUGREPORT "ode@ode.org"
#define PACKAGE_URL ""
#define PACKAGE "ode"
#define VERSION "0.16.2"
#define STDC_HEADERS 1
#define HAVE_SYS_TYPES_H 1
#define HAVE_SYS_STAT_H 1
#define HAVE_STDLIB_H 1
#define HAVE_STRING_H 1
#define HAVE_MEMORY_H 1
#define HAVE_STRINGS_H 1
#define HAVE_INTTYPES_H 1
#define HAVE_STDINT_H 1
#define HAVE_UNISTD_H 1
#define HAVE_DLFCN_H 1
#define LT_OBJDIR ".libs/"
#define X86_64_SYSTEM 1
#define HAVE_ALLOCA_H 1
#define HAVE_STDIO_H 1
#define HAVE_INTTYPES_H 1
#define HAVE_STDINT_H 1
#define HAVE_STDLIB_H 1
#define HAVE_MATH_H 1
#define HAVE_STRING_H 1
#define HAVE_STDARG_H 1
#define HAVE_MALLOC_H 1
#define HAVE_FLOAT_H 1
#define HAVE_TIME_H 1
#define HAVE_SYS_TIME_H 1
#define HAVE_LIMITS_H 1
#define HAVE_STDDEF_H 1
#define HAVE_GL_GL_H 1
#define HAVE_GL_GLU_H 1
#define HAVE_GL_GLEXT_H 1
#define HAVE__BOOL 1
#define HAVE_STDBOOL_H 1
#define HAVE_OBSTACK 1
#define HAVE_LIBM 1
#define HAVE_LIBRT 1
#define HAVE_ATAN2F 1
#define HAVE_CLOCK_GETTIME 1
#define HAVE_COPYSIGN 1
#define HAVE_COPYSIGNF 1
#define HAVE_COSF 1
#define HAVE_FABSF 1
#define HAVE_FLOOR 1
#define HAVE_FMODF 1
#define HAVE_GETTIMEOFDAY 1
#define HAVE_ISNAN 1
#define HAVE___ISNAN 1
#define HAVE_ISNANF 1
#define HAVE___ISNANF 1
#define HAVE_MEMMOVE 1
#define HAVE_MEMSET 1
#define HAVE_PTHREAD_ATTR_SETINHERITSCHED 1
#define HAVE_PTHREAD_CONDATTR_SETCLOCK 1
#define HAVE_SINF 1
#define HAVE_SNPRINTF 1
#define HAVE_SQRT 1
#define HAVE_SQRTF 1
#define HAVE_STRCHR 1
#define HAVE_STRSTR 1
#define HAVE_VSNPRINTF 1
#define HAVE_ALLOCA_H 1
#define HAVE_ALLOCA 1
#define _OU_NAMESPACE odeou
#define dOU_ENABLED 1
#define _OU_FEATURE_SET _OU_FEATURE_SET_ATOMICS
#define dATOMICS_ENABLED 1
#define _OU_TARGET_OS _OU_TARGET_OS_GENUNIX
#define dBUILTIN_THREADING_IMPL_ENABLED 1

configure: exit 0

## ---------------------- ##
## Running config.status. ##
## ---------------------- ##

This file was extended by ODE config.status 0.16.2, which was
generated by GNU Autoconf 2.69.  Invocation command line was

  CONFIG_FILES    = 
  CONFIG_HEADERS  = 
  CONFIG_LINKS    = 
  CONFIG_COMMANDS = 
  $ ./config.status ode/src/config.h

on desktop

config.status:1288: creating ode/src/config.h
config.status:1469: ode/src/config.h is unchanged
