This file contains any messages produced by compilers while
running configure, to aid debugging if configure makes a mistake.

It was created by ou configure 0, which was
generated by GNU Autoconf 2.69.  Invocation command line was

  $ ./configure --disable-option-checking --prefix=/usr/local --enable-double-precision PKG_CONFIG_PATH=/opt/ros/noetic/lib/pkgconfig:/usr/local/lib/pkgconfig:/opt/openrobots/lib/pkgconfig: --cache-file=/dev/null --srcdir=.

## --------- ##
## Platform. ##
## --------- ##

hostname = desktop
uname -m = x86_64
uname -r = 5.8.0-55-generic
uname -s = Linux
uname -v = #62~20.04.1-Ubuntu SMP Wed Jun 2 08:55:04 UTC 2021

/usr/bin/uname -p = x86_64
/bin/uname -X     = unknown

/bin/arch              = x86_64
/usr/bin/arch -k       = unknown
/usr/convex/getsysinfo = unknown
/usr/bin/hostinfo      = unknown
/bin/machine           = unknown
/usr/bin/oslevel       = unknown
/bin/universe          = unknown

PATH: /opt/ros/noetic/bin
PATH: /home/jack/.local/bin
PATH: /usr/local/bin
PATH: /opt/openrobots/bin
PATH: /home/jack/.local/bin
PATH: /usr/local/sbin
PATH: /usr/local/bin
PATH: /usr/sbin
PATH: /usr/bin
PATH: /sbin
PATH: /bin
PATH: /usr/games
PATH: /usr/local/games
PATH: /snap/bin


## ----------- ##
## Core tests. ##
## ----------- ##

configure:2791: checking build system type
configure:2805: result: x86_64-pc-linux-gnu
configure:2825: checking host system type
configure:2838: result: x86_64-pc-linux-gnu
configure:2909: checking for gcc
configure:2925: found /usr/bin/gcc
configure:2936: result: gcc
configure:3165: checking for C compiler version
configure:3174: gcc --version >&5
gcc (Ubuntu 9.3.0-17ubuntu1~20.04) 9.3.0
Copyright (C) 2019 Free Software Foundation, Inc.
This is free software; see the source for copying conditions.  There is NO
warranty; not even for MERCHANTABILITY or FITNESS FOR A PARTICULAR PURPOSE.

configure:3185: $? = 0
configure:3174: gcc -v >&5
Using built-in specs.
COLLECT_GCC=gcc
COLLECT_LTO_WRAPPER=/usr/lib/gcc/x86_64-linux-gnu/9/lto-wrapper
OFFLOAD_TARGET_NAMES=nvptx-none:hsa
OFFLOAD_TARGET_DEFAULT=1
Target: x86_64-linux-gnu
Configured with: ../src/configure -v --with-pkgversion='Ubuntu 9.3.0-17ubuntu1~20.04' --with-bugurl=file:///usr/share/doc/gcc-9/README.Bugs --enable-languages=c,ada,c++,go,brig,d,fortran,objc,obj-c++,gm2 --prefix=/usr --with-gcc-major-version-only --program-suffix=-9 --program-prefix=x86_64-linux-gnu- --enable-shared --enable-linker-build-id --libexecdir=/usr/lib --without-included-gettext --enable-threads=posix --libdir=/usr/lib --enable-nls --enable-clocale=gnu --enable-libstdcxx-debug --enable-libstdcxx-time=yes --with-default-libstdcxx-abi=new --enable-gnu-unique-object --disable-vtable-verify --enable-plugin --enable-default-pie --with-system-zlib --with-target-system-zlib=auto --enable-objc-gc=auto --enable-multiarch --disable-werror --with-arch-32=i686 --with-abi=m64 --with-multilib-list=m32,m64,mx32 --enable-multilib --with-tune=generic --enable-offload-targets=nvptx-none=/build/gcc-9-HskZEa/gcc-9-9.3.0/debian/tmp-nvptx/usr,hsa --without-cuda-driver --enable-checking=release --build=x86_64-linux-gnu --host=x86_64-linux-gnu --target=x86_64-linux-gnu
Thread model: posix
gcc version 9.3.0 (Ubuntu 9.3.0-17ubuntu1~20.04) 
configure:3185: $? = 0
configure:3174: gcc -V >&5
gcc: error: unrecognized command line option '-V'
gcc: fatal error: no input files
compilation terminated.
configure:3185: $? = 1
configure:3174: gcc -qversion >&5
gcc: error: unrecognized command line option '-qversion'; did you mean '--version'?
gcc: fatal error: no input files
compilation terminated.
configure:3185: $? = 1
configure:3205: checking whether the C compiler works
configure:3227: gcc    conftest.c  >&5
configure:3231: $? = 0
configure:3279: result: yes
configure:3282: checking for C compiler default output file name
configure:3284: result: a.out
configure:3290: checking for suffix of executables
configure:3297: gcc -o conftest    conftest.c  >&5
configure:3301: $? = 0
configure:3323: result: 
configure:3345: checking whether we are cross compiling
configure:3353: gcc -o conftest    conftest.c  >&5
configure:3357: $? = 0
configure:3364: ./conftest
configure:3368: $? = 0
configure:3356: result: no
configure:3361: checking for suffix of object files
configure:3383: gcc -c   conftest.c >&5
configure:3387: $? = 0
configure:3408: result: o
configure:3412: checking whether we are using the GNU C compiler
configure:3431: gcc -c   conftest.c >&5
configure:3431: $? = 0
configure:3440: result: yes
configure:3449: checking whether gcc accepts -g
configure:3469: gcc -c -g  conftest.c >&5
configure:3469: $? = 0
configure:3510: result: yes
configure:3527: checking for gcc option to accept ISO C89
configure:3590: gcc  -c -g -O2  conftest.c >&5
configure:3590: $? = 0
configure:3603: result: none needed
configure:3628: checking whether gcc understands -c and -o together
configure:3650: gcc -c conftest.c -o conftest2.o
configure:3653: $? = 0
configure:3650: gcc -c conftest.c -o conftest2.o
configure:3653: $? = 0
configure:3665: result: yes
configure:3688: checking how to run the C preprocessor
configure:3719: gcc -E  conftest.c
configure:3719: $? = 0
configure:3733: gcc -E  conftest.c
conftest.c:9:10: fatal error: ac_nonexistent.h: No such file or directory
    9 | #include <ac_nonexistent.h>
      |          ^~~~~~~~~~~~~~~~~~
compilation terminated.
configure:3733: $? = 1
configure: failed program was:
| /* confdefs.h */
| #define PACKAGE_NAME "ou"
| #define PACKAGE_TARNAME "ou"
| #define PACKAGE_VERSION "0"
| #define PACKAGE_STRING "ou 0"
| #define PACKAGE_BUGREPORT "oleh_derevenko@users.sourceforge.net"
| #define PACKAGE_URL ""
| /* end confdefs.h.  */
| #include <ac_nonexistent.h>
configure:3758: result: gcc -E
configure:3778: gcc -E  conftest.c
configure:3778: $? = 0
configure:3792: gcc -E  conftest.c
conftest.c:9:10: fatal error: ac_nonexistent.h: No such file or directory
    9 | #include <ac_nonexistent.h>
      |          ^~~~~~~~~~~~~~~~~~
compilation terminated.
configure:3792: $? = 1
configure: failed program was:
| /* confdefs.h */
| #define PACKAGE_NAME "ou"
| #define PACKAGE_TARNAME "ou"
| #define PACKAGE_VERSION "0"
| #define PACKAGE_STRING "ou 0"
| #define PACKAGE_BUGREPORT "oleh_derevenko@users.sourceforge.net"
| #define PACKAGE_URL ""
| /* end confdefs.h.  */
| #include <ac_nonexistent.h>
configure:3821: checking for grep that handles long lines and -e
configure:3879: result: /usr/bin/grep
configure:3884: checking for egrep
configure:3946: result: /usr/bin/grep -E
configure:3951: checking for ANSI C header files
configure:3971: gcc -c -g -O2  conftest.c >&5
configure:3971: $? = 0
configure:4044: gcc -o conftest -g -O2   conftest.c  >&5
configure:4044: $? = 0
configure:4044: ./conftest
configure:4044: $? = 0
configure:4055: result: yes
configure:4068: checking for sys/types.h
configure:4068: gcc -c -g -O2  conftest.c >&5
configure:4068: $? = 0
configure:4068: result: yes
configure:4068: checking for sys/stat.h
configure:4068: gcc -c -g -O2  conftest.c >&5
configure:4068: $? = 0
configure:4068: result: yes
configure:4068: checking for stdlib.h
configure:4068: gcc -c -g -O2  conftest.c >&5
configure:4068: $? = 0
configure:4068: result: yes
configure:4068: checking for string.h
configure:4068: gcc -c -g -O2  conftest.c >&5
configure:4068: $? = 0
configure:4068: result: yes
configure:4068: checking for memory.h
configure:4068: gcc -c -g -O2  conftest.c >&5
configure:4068: $? = 0
configure:4068: result: yes
configure:4068: checking for strings.h
configure:4068: gcc -c -g -O2  conftest.c >&5
configure:4068: $? = 0
configure:4068: result: yes
configure:4068: checking for inttypes.h
configure:4068: gcc -c -g -O2  conftest.c >&5
configure:4068: $? = 0
configure:4068: result: yes
configure:4068: checking for stdint.h
configure:4068: gcc -c -g -O2  conftest.c >&5
configure:4068: $? = 0
configure:4068: result: yes
configure:4068: checking for unistd.h
configure:4068: gcc -c -g -O2  conftest.c >&5
configure:4068: $? = 0
configure:4068: result: yes
configure:4081: checking minix/config.h usability
configure:4081: gcc -c -g -O2  conftest.c >&5
conftest.c:52:10: fatal error: minix/config.h: No such file or directory
   52 | #include <minix/config.h>
      |          ^~~~~~~~~~~~~~~~
compilation terminated.
configure:4081: $? = 1
configure: failed program was:
| /* confdefs.h */
| #define PACKAGE_NAME "ou"
| #define PACKAGE_TARNAME "ou"
| #define PACKAGE_VERSION "0"
| #define PACKAGE_STRING "ou 0"
| #define PACKAGE_BUGREPORT "oleh_derevenko@users.sourceforge.net"
| #define PACKAGE_URL ""
| #define STDC_HEADERS 1
| #define HAVE_SYS_TYPES_H 1
| #define HAVE_SYS_STAT_H 1
| #define HAVE_STDLIB_H 1
| #define HAVE_STRING_H 1
| #define HAVE_MEMORY_H 1
| #define HAVE_STRINGS_H 1
| #define HAVE_INTTYPES_H 1
| #define HAVE_STDINT_H 1
| #define HAVE_UNISTD_H 1
| /* end confdefs.h.  */
| #include <stdio.h>
| #ifdef HAVE_SYS_TYPES_H
| # include <sys/types.h>
| #endif
| #ifdef HAVE_SYS_STAT_H
| # include <sys/stat.h>
| #endif
| #ifdef STDC_HEADERS
| # include <stdlib.h>
| # include <stddef.h>
| #else
| # ifdef HAVE_STDLIB_H
| #  include <stdlib.h>
| # endif
| #endif
| #ifdef HAVE_STRING_H
| # if !defined STDC_HEADERS && defined HAVE_MEMORY_H
| #  include <memory.h>
| # endif
| # include <string.h>
| #endif
| #ifdef HAVE_STRINGS_H
| # include <strings.h>
| #endif
| #ifdef HAVE_INTTYPES_H
| # include <inttypes.h>
| #endif
| #ifdef HAVE_STDINT_H
| # include <stdint.h>
| #endif
| #ifdef HAVE_UNISTD_H
| # include <unistd.h>
| #endif
| #include <minix/config.h>
configure:4081: result: no
configure:4081: checking minix/config.h presence
configure:4081: gcc -E  conftest.c
conftest.c:19:10: fatal error: minix/config.h: No such file or directory
   19 | #include <minix/config.h>
      |          ^~~~~~~~~~~~~~~~
compilation terminated.
configure:4081: $? = 1
configure: failed program was:
| /* confdefs.h */
| #define PACKAGE_NAME "ou"
| #define PACKAGE_TARNAME "ou"
| #define PACKAGE_VERSION "0"
| #define PACKAGE_STRING "ou 0"
| #define PACKAGE_BUGREPORT "oleh_derevenko@users.sourceforge.net"
| #define PACKAGE_URL ""
| #define STDC_HEADERS 1
| #define HAVE_SYS_TYPES_H 1
| #define HAVE_SYS_STAT_H 1
| #define HAVE_STDLIB_H 1
| #define HAVE_STRING_H 1
| #define HAVE_MEMORY_H 1
| #define HAVE_STRINGS_H 1
| #define HAVE_INTTYPES_H 1
| #define HAVE_STDINT_H 1
| #define HAVE_UNISTD_H 1
| /* end confdefs.h.  */
| #include <minix/config.h>
configure:4081: result: no
configure:4081: checking for minix/config.h
configure:4081: result: no
configure:4102: checking whether it is safe to define __EXTENSIONS__
configure:4120: gcc -c -g -O2  conftest.c >&5
configure:4120: $? = 0
configure:4127: result: yes
configure:4157: checking for a BSD-compatible install
configure:4225: result: /usr/bin/install -c
configure:4236: checking whether build environment is sane
configure:4291: result: yes
configure:4437: checking for a thread-safe mkdir -p
configure:4476: result: /usr/bin/mkdir -p
configure:4483: checking for gawk
configure:4513: result: no
configure:4483: checking for mawk
configure:4499: found /usr/bin/mawk
configure:4510: result: mawk
configure:4521: checking whether make sets $(MAKE)
configure:4543: result: yes
configure:4565: checking whether make supports the include directive
configure:4580: make -f confmf.GNU && cat confinc.out
this is the am__doit target
configure:4583: $? = 0
configure:4602: result: yes (GNU style)
configure:4635: checking whether make supports nested variables
configure:4652: result: yes
configure:4737: checking dependency style of gcc
configure:4848: result: gcc3
configure:4914: checking target OS
configure:4945: result: unix
configure:5015: checking for g++
configure:5031: found /usr/bin/g++
configure:5042: result: g++
configure:5069: checking for C++ compiler version
configure:5078: g++ --version >&5
g++ (Ubuntu 9.3.0-17ubuntu1~20.04) 9.3.0
Copyright (C) 2019 Free Software Foundation, Inc.
This is free software; see the source for copying conditions.  There is NO
warranty; not even for MERCHANTABILITY or FITNESS FOR A PARTICULAR PURPOSE.

configure:5089: $? = 0
configure:5078: g++ -v >&5
Using built-in specs.
COLLECT_GCC=g++
COLLECT_LTO_WRAPPER=/usr/lib/gcc/x86_64-linux-gnu/9/lto-wrapper
OFFLOAD_TARGET_NAMES=nvptx-none:hsa
OFFLOAD_TARGET_DEFAULT=1
Target: x86_64-linux-gnu
Configured with: ../src/configure -v --with-pkgversion='Ubuntu 9.3.0-17ubuntu1~20.04' --with-bugurl=file:///usr/share/doc/gcc-9/README.Bugs --enable-languages=c,ada,c++,go,brig,d,fortran,objc,obj-c++,gm2 --prefix=/usr --with-gcc-major-version-only --program-suffix=-9 --program-prefix=x86_64-linux-gnu- --enable-shared --enable-linker-build-id --libexecdir=/usr/lib --without-included-gettext --enable-threads=posix --libdir=/usr/lib --enable-nls --enable-clocale=gnu --enable-libstdcxx-debug --enable-libstdcxx-time=yes --with-default-libstdcxx-abi=new --enable-gnu-unique-object --disable-vtable-verify --enable-plugin --enable-default-pie --with-system-zlib --with-target-system-zlib=auto --enable-objc-gc=auto --enable-multiarch --disable-werror --with-arch-32=i686 --with-abi=m64 --with-multilib-list=m32,m64,mx32 --enable-multilib --with-tune=generic --enable-offload-targets=nvptx-none=/build/gcc-9-HskZEa/gcc-9-9.3.0/debian/tmp-nvptx/usr,hsa --without-cuda-driver --enable-checking=release --build=x86_64-linux-gnu --host=x86_64-linux-gnu --target=x86_64-linux-gnu
Thread model: posix
gcc version 9.3.0 (Ubuntu 9.3.0-17ubuntu1~20.04) 
configure:5089: $? = 0
configure:5078: g++ -V >&5
g++: error: unrecognized command line option '-V'
g++: fatal error: no input files
compilation terminated.
configure:5089: $? = 1
configure:5078: g++ -qversion >&5
g++: error: unrecognized command line option '-qversion'; did you mean '--version'?
g++: fatal error: no input files
compilation terminated.
configure:5089: $? = 1
configure:5093: checking whether we are using the GNU C++ compiler
configure:5112: g++ -c   conftest.cpp >&5
configure:5112: $? = 0
configure:5121: result: yes
configure:5130: checking whether g++ accepts -g
configure:5150: g++ -c -g  conftest.cpp >&5
configure:5150: $? = 0
configure:5191: result: yes
configure:5216: checking dependency style of g++
configure:5327: result: gcc3
configure:5390: checking for gcc
configure:5417: result: gcc
configure:5646: checking for C compiler version
configure:5655: gcc --version >&5
gcc (Ubuntu 9.3.0-17ubuntu1~20.04) 9.3.0
Copyright (C) 2019 Free Software Foundation, Inc.
This is free software; see the source for copying conditions.  There is NO
warranty; not even for MERCHANTABILITY or FITNESS FOR A PARTICULAR PURPOSE.

configure:5666: $? = 0
configure:5655: gcc -v >&5
Using built-in specs.
COLLECT_GCC=gcc
COLLECT_LTO_WRAPPER=/usr/lib/gcc/x86_64-linux-gnu/9/lto-wrapper
OFFLOAD_TARGET_NAMES=nvptx-none:hsa
OFFLOAD_TARGET_DEFAULT=1
Target: x86_64-linux-gnu
Configured with: ../src/configure -v --with-pkgversion='Ubuntu 9.3.0-17ubuntu1~20.04' --with-bugurl=file:///usr/share/doc/gcc-9/README.Bugs --enable-languages=c,ada,c++,go,brig,d,fortran,objc,obj-c++,gm2 --prefix=/usr --with-gcc-major-version-only --program-suffix=-9 --program-prefix=x86_64-linux-gnu- --enable-shared --enable-linker-build-id --libexecdir=/usr/lib --without-included-gettext --enable-threads=posix --libdir=/usr/lib --enable-nls --enable-clocale=gnu --enable-libstdcxx-debug --enable-libstdcxx-time=yes --with-default-libstdcxx-abi=new --enable-gnu-unique-object --disable-vtable-verify --enable-plugin --enable-default-pie --with-system-zlib --with-target-system-zlib=auto --enable-objc-gc=auto --enable-multiarch --disable-werror --with-arch-32=i686 --with-abi=m64 --with-multilib-list=m32,m64,mx32 --enable-multilib --with-tune=generic --enable-offload-targets=nvptx-none=/build/gcc-9-HskZEa/gcc-9-9.3.0/debian/tmp-nvptx/usr,hsa --without-cuda-driver --enable-checking=release --build=x86_64-linux-gnu --host=x86_64-linux-gnu --target=x86_64-linux-gnu
Thread model: posix
gcc version 9.3.0 (Ubuntu 9.3.0-17ubuntu1~20.04) 
configure:5666: $? = 0
configure:5655: gcc -V >&5
gcc: error: unrecognized command line option '-V'
gcc: fatal error: no input files
compilation terminated.
configure:5666: $? = 1
configure:5655: gcc -qversion >&5
gcc: error: unrecognized command line option '-qversion'; did you mean '--version'?
gcc: fatal error: no input files
compilation terminated.
configure:5666: $? = 1
configure:5670: checking whether we are using the GNU C compiler
configure:5698: result: yes
configure:5707: checking whether gcc accepts -g
configure:5768: result: yes
configure:5785: checking for gcc option to accept ISO C89
configure:5861: result: none needed
configure:5886: checking whether gcc understands -c and -o together
configure:5923: result: yes
configure:5944: checking for gawk
configure:5971: result: mawk
configure:6026: checking for ranlib
configure:6042: found /usr/bin/ranlib
configure:6053: result: ranlib
configure:6080: checking how to run the C preprocessor
configure:6150: result: gcc -E
configure:6170: gcc -E  conftest.c
configure:6170: $? = 0
configure:6184: gcc -E  conftest.c
conftest.c:26:10: fatal error: ac_nonexistent.h: No such file or directory
   26 | #include <ac_nonexistent.h>
      |          ^~~~~~~~~~~~~~~~~~
compilation terminated.
configure:6184: $? = 1
configure: failed program was:
| /* confdefs.h */
| #define PACKAGE_NAME "ou"
| #define PACKAGE_TARNAME "ou"
| #define PACKAGE_VERSION "0"
| #define PACKAGE_STRING "ou 0"
| #define PACKAGE_BUGREPORT "oleh_derevenko@users.sourceforge.net"
| #define PACKAGE_URL ""
| #define STDC_HEADERS 1
| #define HAVE_SYS_TYPES_H 1
| #define HAVE_SYS_STAT_H 1
| #define HAVE_STDLIB_H 1
| #define HAVE_STRING_H 1
| #define HAVE_MEMORY_H 1
| #define HAVE_STRINGS_H 1
| #define HAVE_INTTYPES_H 1
| #define HAVE_STDINT_H 1
| #define HAVE_UNISTD_H 1
| #define __EXTENSIONS__ 1
| #define _ALL_SOURCE 1
| #define _GNU_SOURCE 1
| #define _POSIX_PTHREAD_SEMANTICS 1
| #define _TANDEM_SOURCE 1
| #define PACKAGE "ou"
| #define VERSION "0"
| /* end confdefs.h.  */
| #include <ac_nonexistent.h>
configure:6562: checking how to print strings
configure:6589: result: printf
configure:6610: checking for a sed that does not truncate output
configure:6674: result: /usr/bin/sed
configure:6692: checking for fgrep
configure:6754: result: /usr/bin/grep -F
configure:6789: checking for ld used by gcc
configure:6856: result: /usr/bin/ld
configure:6863: checking if the linker (/usr/bin/ld) is GNU ld
configure:6878: result: yes
configure:6890: checking for BSD- or MS-compatible name lister (nm)
configure:6944: result: /usr/bin/nm -B
configure:7074: checking the name lister (/usr/bin/nm -B) interface
configure:7081: g++ -c -g -O2  conftest.cpp >&5
configure:7084: /usr/bin/nm -B "conftest.o"
configure:7087: output
0000000000000000 B some_variable
configure:7088: result: BSD nm
configure:7091: checking whether ln -s works
configure:7095: result: yes
configure:7103: checking the maximum length of command line arguments
configure:7234: result: 1572864
configure:7282: checking how to convert x86_64-pc-linux-gnu file names to x86_64-pc-linux-gnu format
configure:7322: result: func_convert_file_noop
configure:7329: checking how to convert x86_64-pc-linux-gnu file names to toolchain format
configure:7349: result: func_convert_file_noop
configure:7356: checking for /usr/bin/ld option to reload object files
configure:7363: result: -r
configure:7437: checking for objdump
configure:7464: result: objdump
configure:7493: checking how to recognize dependent libraries
configure:7693: result: pass_all
configure:7778: checking for dlltool
configure:7805: result: dlltool
configure:7835: checking how to associate runtime and link libraries
configure:7862: result: printf %s\n
configure:7923: checking for ar
configure:7939: found /usr/bin/ar
configure:7950: result: ar
configure:7987: checking for archiver @FILE support
configure:8004: g++ -c -g -O2  conftest.cpp >&5
configure:8004: $? = 0
configure:8007: ar cr libconftest.a @conftest.lst >&5
configure:8010: $? = 0
configure:8015: ar cr libconftest.a @conftest.lst >&5
ar: conftest.o: No such file or directory
configure:8018: $? = 1
configure:8017: result: @
configure:8075: checking for strip
configure:8091: found /usr/bin/strip
configure:8102: result: strip
configure:8174: checking for ranlib
configure:8201: result: ranlib
configure:8303: checking command to parse /usr/bin/nm -B output from gcc object
configure:8456: g++ -c -g -O2  conftest.cpp >&5
configure:8459: $? = 0
configure:8463: /usr/bin/nm -B conftest.o | sed -n -e 's/^.*[	 ]\([ABCDGIRSTW][ABCDGIRSTW]*\)[	 ][	 ]*\([_A-Za-z][_A-Za-z0-9]*\)$/\1 \2 \2/p' | sed '/ __gnu_lto/d' > conftest.nm
configure:8529: g++ -o conftest -g -O2   conftest.cpp conftstm.o >&5
configure:8532: $? = 0
configure:8570: result: ok
configure:8617: checking for sysroot
configure:8647: result: no
configure:8654: checking for a working dd
configure:8692: result: /usr/bin/dd
configure:8696: checking how to truncate binary pipes
configure:8711: result: /usr/bin/dd bs=4096 count=1
configure:8847: g++ -c -g -O2  conftest.cpp >&5
configure:8850: $? = 0
configure:9040: checking for mt
configure:9056: found /usr/bin/mt
configure:9067: result: mt
configure:9090: checking if mt is a manifest tool
configure:9096: mt '-?'
configure:9104: result: no
configure:9778: checking for dlfcn.h
configure:9778: g++ -c -g -O2  conftest.cpp >&5
configure:9778: $? = 0
configure:9778: result: yes
configure:10042: checking for objdir
configure:10057: result: .libs
configure:10317: checking if gcc supports -fno-rtti -fno-exceptions
configure:10335: gcc -c -g -O2  -fno-rtti -fno-exceptions conftest.c >&5
cc1: warning: command line option '-fno-rtti' is valid for C++/D/ObjC++ but not for C
configure:10339: $? = 0
configure:10352: result: no
configure:10716: checking for gcc option to produce PIC
configure:10723: result: -fPIC -DPIC
configure:10731: checking if gcc PIC flag -fPIC -DPIC works
configure:10749: gcc -c -g -O2  -fPIC -DPIC -DPIC conftest.c >&5
configure:10753: $? = 0
configure:10766: result: yes
configure:10795: checking if gcc static flag -static works
configure:10823: result: yes
configure:10838: checking if gcc supports -c -o file.o
configure:10859: gcc -c -g -O2  -o out/conftest2.o conftest.c >&5
configure:10863: $? = 0
configure:10885: result: yes
configure:10893: checking if gcc supports -c -o file.o
configure:10940: result: yes
configure:10973: checking whether the gcc linker (/usr/bin/ld -m elf_x86_64) supports shared libraries
configure:12236: result: yes
configure:12273: checking whether -lc should be explicitly linked in
configure:12281: gcc -c -g -O2  conftest.c >&5
configure:12284: $? = 0
configure:12299: gcc -shared  -fPIC -DPIC conftest.o  -v -Wl,-soname -Wl,conftest -o conftest 2\>\&1 \| /usr/bin/grep  -lc  \>/dev/null 2\>\&1
configure:12302: $? = 0
configure:12316: result: no
configure:12476: checking dynamic linker characteristics
configure:13057: gcc -o conftest -g -O2   -Wl,-rpath -Wl,/foo conftest.c  >&5
configure:13057: $? = 0
configure:13306: result: GNU/Linux ld.so
configure:13428: checking how to hardcode library paths into programs
configure:13453: result: immediate
configure:14001: checking whether stripping libraries is possible
configure:14006: result: yes
configure:14041: checking if libtool supports shared libraries
configure:14043: result: yes
configure:14046: checking whether to build shared libraries
configure:14071: result: yes
configure:14074: checking whether to build static libraries
configure:14078: result: yes
configure:10877: checking how to run the C++ preprocessor
configure:10904: g++ -E  conftest.cpp
configure:10904: $? = 0
configure:10918: g++ -E  conftest.cpp
conftest.cpp:28:10: fatal error: ac_nonexistent.h: No such file or directory
   28 | #include <ac_nonexistent.h>
      |          ^~~~~~~~~~~~~~~~~~
compilation terminated.
configure:10918: $? = 1
configure: failed program was:
| /* confdefs.h */
| #define PACKAGE_NAME "ou"
| #define PACKAGE_TARNAME "ou"
| #define PACKAGE_VERSION "0"
| #define PACKAGE_STRING "ou 0"
| #define PACKAGE_BUGREPORT "oleh_derevenko@users.sourceforge.net"
| #define PACKAGE_URL ""
| #define STDC_HEADERS 1
| #define HAVE_SYS_TYPES_H 1
| #define HAVE_SYS_STAT_H 1
| #define HAVE_STDLIB_H 1
| #define HAVE_STRING_H 1
| #define HAVE_MEMORY_H 1
| #define HAVE_STRINGS_H 1
| #define HAVE_INTTYPES_H 1
| #define HAVE_STDINT_H 1
| #define HAVE_UNISTD_H 1
| #define __EXTENSIONS__ 1
| #define _ALL_SOURCE 1
| #define _GNU_SOURCE 1
| #define _POSIX_PTHREAD_SEMANTICS 1
| #define _TANDEM_SOURCE 1
| #define PACKAGE "ou"
| #define VERSION "0"
| #define HAVE_DLFCN_H 1
| #define LT_OBJDIR ".libs/"
| /* end confdefs.h.  */
| #include <ac_nonexistent.h>
configure:10943: result: g++ -E
configure:10963: g++ -E  conftest.cpp
configure:10963: $? = 0
configure:10977: g++ -E  conftest.cpp
conftest.cpp:28:10: fatal error: ac_nonexistent.h: No such file or directory
   28 | #include <ac_nonexistent.h>
      |          ^~~~~~~~~~~~~~~~~~
compilation terminated.
configure:10977: $? = 1
configure: failed program was:
| /* confdefs.h */
| #define PACKAGE_NAME "ou"
| #define PACKAGE_TARNAME "ou"
| #define PACKAGE_VERSION "0"
| #define PACKAGE_STRING "ou 0"
| #define PACKAGE_BUGREPORT "oleh_derevenko@users.sourceforge.net"
| #define PACKAGE_URL ""
| #define STDC_HEADERS 1
| #define HAVE_SYS_TYPES_H 1
| #define HAVE_SYS_STAT_H 1
| #define HAVE_STDLIB_H 1
| #define HAVE_STRING_H 1
| #define HAVE_MEMORY_H 1
| #define HAVE_STRINGS_H 1
| #define HAVE_INTTYPES_H 1
| #define HAVE_STDINT_H 1
| #define HAVE_UNISTD_H 1
| #define __EXTENSIONS__ 1
| #define _ALL_SOURCE 1
| #define _GNU_SOURCE 1
| #define _POSIX_PTHREAD_SEMANTICS 1
| #define _TANDEM_SOURCE 1
| #define PACKAGE "ou"
| #define VERSION "0"
| #define HAVE_DLFCN_H 1
| #define LT_OBJDIR ".libs/"
| /* end confdefs.h.  */
| #include <ac_nonexistent.h>
configure:11139: checking for ld used by g++
configure:11206: result: /usr/bin/ld -m elf_x86_64
configure:11213: checking if the linker (/usr/bin/ld -m elf_x86_64) is GNU ld
configure:11228: result: yes
configure:11283: checking whether the g++ linker (/usr/bin/ld -m elf_x86_64) supports shared libraries
configure:12356: result: yes
configure:12392: g++ -c -g -O2  conftest.cpp >&5
configure:12395: $? = 0
configure:12876: checking for g++ option to produce PIC
configure:12883: result: -fPIC -DPIC
configure:12891: checking if g++ PIC flag -fPIC -DPIC works
configure:12909: g++ -c -g -O2  -fPIC -DPIC -DPIC conftest.cpp >&5
configure:12913: $? = 0
configure:12926: result: yes
configure:12949: checking if g++ static flag -static works
configure:12977: result: yes
configure:12989: checking if g++ supports -c -o file.o
configure:13010: g++ -c -g -O2  -o out/conftest2.o conftest.cpp >&5
configure:13014: $? = 0
configure:13036: result: yes
configure:13041: checking if g++ supports -c -o file.o
configure:13088: result: yes
configure:13118: checking whether the g++ linker (/usr/bin/ld -m elf_x86_64) supports shared libraries
configure:13161: result: yes
configure:13302: checking dynamic linker characteristics
configure:14059: result: GNU/Linux ld.so
configure:14124: checking how to hardcode library paths into programs
configure:14149: result: immediate
configure:13044: checking for main in -lc
configure:13063: g++ -o conftest -g -O2   conftest.cpp -lc   >&5
configure:13063: $? = 0
configure:13072: result: yes
configure:13083: checking for main in -lpthread
configure:13102: g++ -o conftest -g -O2   conftest.cpp -lpthread  -lc  >&5
configure:13102: $? = 0
configure:13111: result: yes
configure:13130: checking for ANSI C header files
configure:13234: result: yes
configure:13245: checking for inttypes.h
configure:13245: result: yes
configure:13245: checking malloc.h usability
configure:13245: g++ -c -g -O2  conftest.cpp >&5
configure:13245: $? = 0
configure:13245: result: yes
configure:13245: checking malloc.h presence
configure:13245: g++ -E  conftest.cpp
configure:13245: $? = 0
configure:13245: result: yes
configure:13245: checking for malloc.h
configure:13245: result: yes
configure:13245: checking stddef.h usability
configure:13245: g++ -c -g -O2  conftest.cpp >&5
configure:13245: $? = 0
configure:13245: result: yes
configure:13245: checking stddef.h presence
configure:13245: g++ -E  conftest.cpp
configure:13245: $? = 0
configure:13245: result: yes
configure:13245: checking for stddef.h
configure:13245: result: yes
configure:13245: checking for stdlib.h
configure:13245: result: yes
configure:13245: checking for string.h
configure:13245: result: yes
configure:13257: checking for stdbool.h that conforms to C99
configure:13324: g++ -c -g -O2  conftest.cpp >&5
conftest.cpp:40:15: error: expected unqualified-id before string constant
   40 |               "error: bool is not defined"
      |               ^~~~~~~~~~~~~~~~~~~~~~~~~~~~
conftest.cpp:58:48: error: 's' does not name a type
   58 |              struct s { _Bool s: 1; _Bool t; } s;
      |                                                ^
conftest.cpp:68:28: error: 's' was not declared in this scope
   68 |              char i[sizeof s.t];
      |                            ^
conftest.cpp: In function 'int main()':
conftest.cpp:86:24: error: 's' was not declared in this scope
   86 |              bool e = &s;
      |                        ^
conftest.cpp:90:63: error: 'i' was not declared in this scope
   90 |              return (!a + !b + !c + !d + !e + !f + !g + !h + !i + !!j + !k + !!l
      |                                                               ^
configure:13324: $? = 1
configure: failed program was:
| /* confdefs.h */
| #define PACKAGE_NAME "ou"
| #define PACKAGE_TARNAME "ou"
| #define PACKAGE_VERSION "0"
| #define PACKAGE_STRING "ou 0"
| #define PACKAGE_BUGREPORT "oleh_derevenko@users.sourceforge.net"
| #define PACKAGE_URL ""
| #define STDC_HEADERS 1
| #define HAVE_SYS_TYPES_H 1
| #define HAVE_SYS_STAT_H 1
| #define HAVE_STDLIB_H 1
| #define HAVE_STRING_H 1
| #define HAVE_MEMORY_H 1
| #define HAVE_STRINGS_H 1
| #define HAVE_INTTYPES_H 1
| #define HAVE_STDINT_H 1
| #define HAVE_UNISTD_H 1
| #define __EXTENSIONS__ 1
| #define _ALL_SOURCE 1
| #define _GNU_SOURCE 1
| #define _POSIX_PTHREAD_SEMANTICS 1
| #define _TANDEM_SOURCE 1
| #define PACKAGE "ou"
| #define VERSION "0"
| #define HAVE_DLFCN_H 1
| #define LT_OBJDIR ".libs/"
| #define HAVE_LIBC 1
| #define HAVE_LIBPTHREAD 1
| #define _REENTRANT 1
| #define STDC_HEADERS 1
| #define HAVE_INTTYPES_H 1
| #define HAVE_MALLOC_H 1
| #define HAVE_STDDEF_H 1
| #define HAVE_STDLIB_H 1
| #define HAVE_STRING_H 1
| /* end confdefs.h.  */
| 
|              #include <stdbool.h>
|              #ifndef bool
|               "error: bool is not defined"
|              #endif
|              #ifndef false
|               "error: false is not defined"
|              #endif
|              #if false
|               "error: false is not 0"
|              #endif
|              #ifndef true
|               "error: true is not defined"
|              #endif
|              #if true != 1
|               "error: true is not 1"
|              #endif
|              #ifndef __bool_true_false_are_defined
|               "error: __bool_true_false_are_defined is not defined"
|              #endif
| 
|              struct s { _Bool s: 1; _Bool t; } s;
| 
|              char a[true == 1 ? 1 : -1];
|              char b[false == 0 ? 1 : -1];
|              char c[__bool_true_false_are_defined == 1 ? 1 : -1];
|              char d[(bool) 0.5 == true ? 1 : -1];
|              /* See body of main program for 'e'.  */
|              char f[(_Bool) 0.0 == false ? 1 : -1];
|              char g[true];
|              char h[sizeof (_Bool)];
|              char i[sizeof s.t];
|              enum { j = false, k = true, l = false * true, m = true * 256 };
|              /* The following fails for
|                 HP aC++/ANSI C B3910B A.05.55 [Dec 04 2003]. */
|              _Bool n[m];
|              char o[sizeof n == m * sizeof n[0] ? 1 : -1];
|              char p[-1 - (_Bool) 0 < 0 && -1 - (bool) 0 < 0 ? 1 : -1];
|              /* Catch a bug in an HP-UX C compiler.  See
|                 http://gcc.gnu.org/ml/gcc-patches/2003-12/msg02303.html
|                 http://lists.gnu.org/archive/html/bug-coreutils/2005-11/msg00161.html
|               */
|              _Bool q = true;
|              _Bool *pq = &q;
| 
| int
| main ()
| {
| 
|              bool e = &s;
|              *pq |= q;
|              *pq |= ! q;
|              /* Refer to every declared value, to avoid compiler optimizations.  */
|              return (!a + !b + !c + !d + !e + !f + !g + !h + !i + !!j + !k + !!l
|                      + !m + !n + !o + !p + !q + !pq);
| 
|   ;
|   return 0;
| }
configure:13331: result: no
configure:13333: checking for _Bool
configure:13333: g++ -c -g -O2  conftest.cpp >&5
conftest.cpp: In function 'int main()':
conftest.cpp:73:13: error: '_Bool' was not declared in this scope
   73 | if (sizeof (_Bool))
      |             ^~~~~
configure:13333: $? = 1
configure: failed program was:
| /* confdefs.h */
| #define PACKAGE_NAME "ou"
| #define PACKAGE_TARNAME "ou"
| #define PACKAGE_VERSION "0"
| #define PACKAGE_STRING "ou 0"
| #define PACKAGE_BUGREPORT "oleh_derevenko@users.sourceforge.net"
| #define PACKAGE_URL ""
| #define STDC_HEADERS 1
| #define HAVE_SYS_TYPES_H 1
| #define HAVE_SYS_STAT_H 1
| #define HAVE_STDLIB_H 1
| #define HAVE_STRING_H 1
| #define HAVE_MEMORY_H 1
| #define HAVE_STRINGS_H 1
| #define HAVE_INTTYPES_H 1
| #define HAVE_STDINT_H 1
| #define HAVE_UNISTD_H 1
| #define __EXTENSIONS__ 1
| #define _ALL_SOURCE 1
| #define _GNU_SOURCE 1
| #define _POSIX_PTHREAD_SEMANTICS 1
| #define _TANDEM_SOURCE 1
| #define PACKAGE "ou"
| #define VERSION "0"
| #define HAVE_DLFCN_H 1
| #define LT_OBJDIR ".libs/"
| #define HAVE_LIBC 1
| #define HAVE_LIBPTHREAD 1
| #define _REENTRANT 1
| #define STDC_HEADERS 1
| #define HAVE_INTTYPES_H 1
| #define HAVE_MALLOC_H 1
| #define HAVE_STDDEF_H 1
| #define HAVE_STDLIB_H 1
| #define HAVE_STRING_H 1
| /* end confdefs.h.  */
| #include <stdio.h>
| #ifdef HAVE_SYS_TYPES_H
| # include <sys/types.h>
| #endif
| #ifdef HAVE_SYS_STAT_H
| # include <sys/stat.h>
| #endif
| #ifdef STDC_HEADERS
| # include <stdlib.h>
| # include <stddef.h>
| #else
| # ifdef HAVE_STDLIB_H
| #  include <stdlib.h>
| # endif
| #endif
| #ifdef HAVE_STRING_H
| # if !defined STDC_HEADERS && defined HAVE_MEMORY_H
| #  include <memory.h>
| # endif
| # include <string.h>
| #endif
| #ifdef HAVE_STRINGS_H
| # include <strings.h>
| #endif
| #ifdef HAVE_INTTYPES_H
| # include <inttypes.h>
| #endif
| #ifdef HAVE_STDINT_H
| # include <stdint.h>
| #endif
| #ifdef HAVE_UNISTD_H
| # include <unistd.h>
| #endif
| int
| main ()
| {
| if (sizeof (_Bool))
| 	 return 0;
|   ;
|   return 0;
| }
configure:13333: result: no
configure:13350: checking for an ANSI C-conforming const
configure:13416: g++ -c -g -O2  conftest.cpp >&5
configure:13416: $? = 0
configure:13423: result: yes
configure:13431: checking for inline
configure:13447: g++ -c -g -O2  conftest.cpp >&5
configure:13447: $? = 0
configure:13455: result: inline
configure:13473: checking for int16_t
configure:13473: g++ -c -g -O2  conftest.cpp >&5
configure:13473: $? = 0
configure:13473: g++ -c -g -O2  conftest.cpp >&5
conftest.cpp: In function 'int main()':
conftest.cpp:75:58: error: narrowing conversion of '-1' from 'int' to 'long unsigned int' [-Wnarrowing]
   75 |    < (int16_t) (((((int16_t) 1 << N) << N) - 1) * 2 + 2))];
      |                                                          ^
conftest.cpp:74:26: error: size '-1' of array 'test_array' is negative
   74 | static int test_array [1 - 2 * !((int16_t) (((((int16_t) 1 << N) << N) - 1) * 2 + 1)
      |                        ~~^~~~~~~~~~~~~~~~~~~~~~~~~~~~~~~~~~~~~~~~~~~~~~~~~~~~~~~~~~~
   75 |    < (int16_t) (((((int16_t) 1 << N) << N) - 1) * 2 + 2))];
      |    ~~~~~~~~~~~~~~~~~~~~~~~~~~~~~~~~~~~~~~~~~~~~~~~~~~~~~~
configure:13473: $? = 1
configure: failed program was:
| /* confdefs.h */
| #define PACKAGE_NAME "ou"
| #define PACKAGE_TARNAME "ou"
| #define PACKAGE_VERSION "0"
| #define PACKAGE_STRING "ou 0"
| #define PACKAGE_BUGREPORT "oleh_derevenko@users.sourceforge.net"
| #define PACKAGE_URL ""
| #define STDC_HEADERS 1
| #define HAVE_SYS_TYPES_H 1
| #define HAVE_SYS_STAT_H 1
| #define HAVE_STDLIB_H 1
| #define HAVE_STRING_H 1
| #define HAVE_MEMORY_H 1
| #define HAVE_STRINGS_H 1
| #define HAVE_INTTYPES_H 1
| #define HAVE_STDINT_H 1
| #define HAVE_UNISTD_H 1
| #define __EXTENSIONS__ 1
| #define _ALL_SOURCE 1
| #define _GNU_SOURCE 1
| #define _POSIX_PTHREAD_SEMANTICS 1
| #define _TANDEM_SOURCE 1
| #define PACKAGE "ou"
| #define VERSION "0"
| #define HAVE_DLFCN_H 1
| #define LT_OBJDIR ".libs/"
| #define HAVE_LIBC 1
| #define HAVE_LIBPTHREAD 1
| #define _REENTRANT 1
| #define STDC_HEADERS 1
| #define HAVE_INTTYPES_H 1
| #define HAVE_MALLOC_H 1
| #define HAVE_STDDEF_H 1
| #define HAVE_STDLIB_H 1
| #define HAVE_STRING_H 1
| /* end confdefs.h.  */
| #include <stdio.h>
| #ifdef HAVE_SYS_TYPES_H
| # include <sys/types.h>
| #endif
| #ifdef HAVE_SYS_STAT_H
| # include <sys/stat.h>
| #endif
| #ifdef STDC_HEADERS
| # include <stdlib.h>
| # include <stddef.h>
| #else
| # ifdef HAVE_STDLIB_H
| #  include <stdlib.h>
| # endif
| #endif
| #ifdef HAVE_STRING_H
| # if !defined STDC_HEADERS && defined HAVE_MEMORY_H
| #  include <memory.h>
| # endif
| # include <string.h>
| #endif
| #ifdef HAVE_STRINGS_H
| # include <strings.h>
| #endif
| #ifdef HAVE_INTTYPES_H
| # include <inttypes.h>
| #endif
| #ifdef HAVE_STDINT_H
| # include <stdint.h>
| #endif
| #ifdef HAVE_UNISTD_H
| # include <unistd.h>
| #endif
| 	        enum { N = 16 / 2 - 1 };
| int
| main ()
| {
| static int test_array [1 - 2 * !((int16_t) (((((int16_t) 1 << N) << N) - 1) * 2 + 1)
| 		 < (int16_t) (((((int16_t) 1 << N) << N) - 1) * 2 + 2))];
| test_array [0] = 0;
| return test_array [0];
| 
|   ;
|   return 0;
| }
configure:13473: result: yes
configure:13484: checking for int32_t
configure:13484: g++ -c -g -O2  conftest.cpp >&5
configure:13484: $? = 0
configure:13484: g++ -c -g -O2  conftest.cpp >&5
conftest.cpp: In function 'int main()':
conftest.cpp:75:53: warning: integer overflow in expression of type 'int32_t' {aka 'int'} results in '-2147483648' [-Woverflow]
   75 |    < (int32_t) (((((int32_t) 1 << N) << N) - 1) * 2 + 2))];
      |                 ~~~~~~~~~~~~~~~~~~~~~~~~~~~~~~~~~~~~^~~
conftest.cpp:74:26: error: size '-1' of array 'test_array' is negative
   74 | static int test_array [1 - 2 * !((int32_t) (((((int32_t) 1 << N) << N) - 1) * 2 + 1)
      |                        ~~^~~~~~~~~~~~~~~~~~~~~~~~~~~~~~~~~~~~~~~~~~~~~~~~~~~~~~~~~~~
   75 |    < (int32_t) (((((int32_t) 1 << N) << N) - 1) * 2 + 2))];
      |    ~~~~~~~~~~~~~~~~~~~~~~~~~~~~~~~~~~~~~~~~~~~~~~~~~~~~~~
configure:13484: $? = 1
configure: failed program was:
| /* confdefs.h */
| #define PACKAGE_NAME "ou"
| #define PACKAGE_TARNAME "ou"
| #define PACKAGE_VERSION "0"
| #define PACKAGE_STRING "ou 0"
| #define PACKAGE_BUGREPORT "oleh_derevenko@users.sourceforge.net"
| #define PACKAGE_URL ""
| #define STDC_HEADERS 1
| #define HAVE_SYS_TYPES_H 1
| #define HAVE_SYS_STAT_H 1
| #define HAVE_STDLIB_H 1
| #define HAVE_STRING_H 1
| #define HAVE_MEMORY_H 1
| #define HAVE_STRINGS_H 1
| #define HAVE_INTTYPES_H 1
| #define HAVE_STDINT_H 1
| #define HAVE_UNISTD_H 1
| #define __EXTENSIONS__ 1
| #define _ALL_SOURCE 1
| #define _GNU_SOURCE 1
| #define _POSIX_PTHREAD_SEMANTICS 1
| #define _TANDEM_SOURCE 1
| #define PACKAGE "ou"
| #define VERSION "0"
| #define HAVE_DLFCN_H 1
| #define LT_OBJDIR ".libs/"
| #define HAVE_LIBC 1
| #define HAVE_LIBPTHREAD 1
| #define _REENTRANT 1
| #define STDC_HEADERS 1
| #define HAVE_INTTYPES_H 1
| #define HAVE_MALLOC_H 1
| #define HAVE_STDDEF_H 1
| #define HAVE_STDLIB_H 1
| #define HAVE_STRING_H 1
| /* end confdefs.h.  */
| #include <stdio.h>
| #ifdef HAVE_SYS_TYPES_H
| # include <sys/types.h>
| #endif
| #ifdef HAVE_SYS_STAT_H
| # include <sys/stat.h>
| #endif
| #ifdef STDC_HEADERS
| # include <stdlib.h>
| # include <stddef.h>
| #else
| # ifdef HAVE_STDLIB_H
| #  include <stdlib.h>
| # endif
| #endif
| #ifdef HAVE_STRING_H
| # if !defined STDC_HEADERS && defined HAVE_MEMORY_H
| #  include <memory.h>
| # endif
| # include <string.h>
| #endif
| #ifdef HAVE_STRINGS_H
| # include <strings.h>
| #endif
| #ifdef HAVE_INTTYPES_H
| # include <inttypes.h>
| #endif
| #ifdef HAVE_STDINT_H
| # include <stdint.h>
| #endif
| #ifdef HAVE_UNISTD_H
| # include <unistd.h>
| #endif
| 	        enum { N = 32 / 2 - 1 };
| int
| main ()
| {
| static int test_array [1 - 2 * !((int32_t) (((((int32_t) 1 << N) << N) - 1) * 2 + 1)
| 		 < (int32_t) (((((int32_t) 1 << N) << N) - 1) * 2 + 2))];
| test_array [0] = 0;
| return test_array [0];
| 
|   ;
|   return 0;
| }
configure:13484: result: yes
configure:13495: checking for int64_t
configure:13495: g++ -c -g -O2  conftest.cpp >&5
configure:13495: $? = 0
configure:13495: g++ -c -g -O2  conftest.cpp >&5
conftest.cpp: In function 'int main()':
conftest.cpp:75:53: warning: integer overflow in expression of type 'int64_t' {aka 'long int'} results in '-9223372036854775808' [-Woverflow]
   75 |    < (int64_t) (((((int64_t) 1 << N) << N) - 1) * 2 + 2))];
      |                 ~~~~~~~~~~~~~~~~~~~~~~~~~~~~~~~~~~~~^~~
conftest.cpp:74:26: error: size '-1' of array 'test_array' is negative
   74 | static int test_array [1 - 2 * !((int64_t) (((((int64_t) 1 << N) << N) - 1) * 2 + 1)
      |                        ~~^~~~~~~~~~~~~~~~~~~~~~~~~~~~~~~~~~~~~~~~~~~~~~~~~~~~~~~~~~~
   75 |    < (int64_t) (((((int64_t) 1 << N) << N) - 1) * 2 + 2))];
      |    ~~~~~~~~~~~~~~~~~~~~~~~~~~~~~~~~~~~~~~~~~~~~~~~~~~~~~~
configure:13495: $? = 1
configure: failed program was:
| /* confdefs.h */
| #define PACKAGE_NAME "ou"
| #define PACKAGE_TARNAME "ou"
| #define PACKAGE_VERSION "0"
| #define PACKAGE_STRING "ou 0"
| #define PACKAGE_BUGREPORT "oleh_derevenko@users.sourceforge.net"
| #define PACKAGE_URL ""
| #define STDC_HEADERS 1
| #define HAVE_SYS_TYPES_H 1
| #define HAVE_SYS_STAT_H 1
| #define HAVE_STDLIB_H 1
| #define HAVE_STRING_H 1
| #define HAVE_MEMORY_H 1
| #define HAVE_STRINGS_H 1
| #define HAVE_INTTYPES_H 1
| #define HAVE_STDINT_H 1
| #define HAVE_UNISTD_H 1
| #define __EXTENSIONS__ 1
| #define _ALL_SOURCE 1
| #define _GNU_SOURCE 1
| #define _POSIX_PTHREAD_SEMANTICS 1
| #define _TANDEM_SOURCE 1
| #define PACKAGE "ou"
| #define VERSION "0"
| #define HAVE_DLFCN_H 1
| #define LT_OBJDIR ".libs/"
| #define HAVE_LIBC 1
| #define HAVE_LIBPTHREAD 1
| #define _REENTRANT 1
| #define STDC_HEADERS 1
| #define HAVE_INTTYPES_H 1
| #define HAVE_MALLOC_H 1
| #define HAVE_STDDEF_H 1
| #define HAVE_STDLIB_H 1
| #define HAVE_STRING_H 1
| /* end confdefs.h.  */
| #include <stdio.h>
| #ifdef HAVE_SYS_TYPES_H
| # include <sys/types.h>
| #endif
| #ifdef HAVE_SYS_STAT_H
| # include <sys/stat.h>
| #endif
| #ifdef STDC_HEADERS
| # include <stdlib.h>
| # include <stddef.h>
| #else
| # ifdef HAVE_STDLIB_H
| #  include <stdlib.h>
| # endif
| #endif
| #ifdef HAVE_STRING_H
| # if !defined STDC_HEADERS && defined HAVE_MEMORY_H
| #  include <memory.h>
| # endif
| # include <string.h>
| #endif
| #ifdef HAVE_STRINGS_H
| # include <strings.h>
| #endif
| #ifdef HAVE_INTTYPES_H
| # include <inttypes.h>
| #endif
| #ifdef HAVE_STDINT_H
| # include <stdint.h>
| #endif
| #ifdef HAVE_UNISTD_H
| # include <unistd.h>
| #endif
| 	        enum { N = 64 / 2 - 1 };
| int
| main ()
| {
| static int test_array [1 - 2 * !((int64_t) (((((int64_t) 1 << N) << N) - 1) * 2 + 1)
| 		 < (int64_t) (((((int64_t) 1 << N) << N) - 1) * 2 + 2))];
| test_array [0] = 0;
| return test_array [0];
| 
|   ;
|   return 0;
| }
configure:13495: result: yes
configure:13506: checking for int8_t
configure:13506: g++ -c -g -O2  conftest.cpp >&5
configure:13506: $? = 0
configure:13506: g++ -c -g -O2  conftest.cpp >&5
conftest.cpp: In function 'int main()':
conftest.cpp:75:56: error: narrowing conversion of '-1' from 'int' to 'long unsigned int' [-Wnarrowing]
   75 |    < (int8_t) (((((int8_t) 1 << N) << N) - 1) * 2 + 2))];
      |                                                        ^
conftest.cpp:74:26: error: size '-1' of array 'test_array' is negative
   74 | static int test_array [1 - 2 * !((int8_t) (((((int8_t) 1 << N) << N) - 1) * 2 + 1)
      |                        ~~^~~~~~~~~~~~~~~~~~~~~~~~~~~~~~~~~~~~~~~~~~~~~~~~~~~~~~~~~
   75 |    < (int8_t) (((((int8_t) 1 << N) << N) - 1) * 2 + 2))];
      |    ~~~~~~~~~~~~~~~~~~~~~~~~~~~~~~~~~~~~~~~~~~~~~~~~~~~~
configure:13506: $? = 1
configure: failed program was:
| /* confdefs.h */
| #define PACKAGE_NAME "ou"
| #define PACKAGE_TARNAME "ou"
| #define PACKAGE_VERSION "0"
| #define PACKAGE_STRING "ou 0"
| #define PACKAGE_BUGREPORT "oleh_derevenko@users.sourceforge.net"
| #define PACKAGE_URL ""
| #define STDC_HEADERS 1
| #define HAVE_SYS_TYPES_H 1
| #define HAVE_SYS_STAT_H 1
| #define HAVE_STDLIB_H 1
| #define HAVE_STRING_H 1
| #define HAVE_MEMORY_H 1
| #define HAVE_STRINGS_H 1
| #define HAVE_INTTYPES_H 1
| #define HAVE_STDINT_H 1
| #define HAVE_UNISTD_H 1
| #define __EXTENSIONS__ 1
| #define _ALL_SOURCE 1
| #define _GNU_SOURCE 1
| #define _POSIX_PTHREAD_SEMANTICS 1
| #define _TANDEM_SOURCE 1
| #define PACKAGE "ou"
| #define VERSION "0"
| #define HAVE_DLFCN_H 1
| #define LT_OBJDIR ".libs/"
| #define HAVE_LIBC 1
| #define HAVE_LIBPTHREAD 1
| #define _REENTRANT 1
| #define STDC_HEADERS 1
| #define HAVE_INTTYPES_H 1
| #define HAVE_MALLOC_H 1
| #define HAVE_STDDEF_H 1
| #define HAVE_STDLIB_H 1
| #define HAVE_STRING_H 1
| /* end confdefs.h.  */
| #include <stdio.h>
| #ifdef HAVE_SYS_TYPES_H
| # include <sys/types.h>
| #endif
| #ifdef HAVE_SYS_STAT_H
| # include <sys/stat.h>
| #endif
| #ifdef STDC_HEADERS
| # include <stdlib.h>
| # include <stddef.h>
| #else
| # ifdef HAVE_STDLIB_H
| #  include <stdlib.h>
| # endif
| #endif
| #ifdef HAVE_STRING_H
| # if !defined STDC_HEADERS && defined HAVE_MEMORY_H
| #  include <memory.h>
| # endif
| # include <string.h>
| #endif
| #ifdef HAVE_STRINGS_H
| # include <strings.h>
| #endif
| #ifdef HAVE_INTTYPES_H
| # include <inttypes.h>
| #endif
| #ifdef HAVE_STDINT_H
| # include <stdint.h>
| #endif
| #ifdef HAVE_UNISTD_H
| # include <unistd.h>
| #endif
| 	        enum { N = 8 / 2 - 1 };
| int
| main ()
| {
| static int test_array [1 - 2 * !((int8_t) (((((int8_t) 1 << N) << N) - 1) * 2 + 1)
| 		 < (int8_t) (((((int8_t) 1 << N) << N) - 1) * 2 + 2))];
| test_array [0] = 0;
| return test_array [0];
| 
|   ;
|   return 0;
| }
configure:13506: result: yes
configure:13517: checking for size_t
configure:13517: g++ -c -g -O2  conftest.cpp >&5
configure:13517: $? = 0
configure:13517: g++ -c -g -O2  conftest.cpp >&5
conftest.cpp: In function 'int main()':
conftest.cpp:73:20: error: expected primary-expression before ')' token
   73 | if (sizeof ((size_t)))
      |                    ^
configure:13517: $? = 1
configure: failed program was:
| /* confdefs.h */
| #define PACKAGE_NAME "ou"
| #define PACKAGE_TARNAME "ou"
| #define PACKAGE_VERSION "0"
| #define PACKAGE_STRING "ou 0"
| #define PACKAGE_BUGREPORT "oleh_derevenko@users.sourceforge.net"
| #define PACKAGE_URL ""
| #define STDC_HEADERS 1
| #define HAVE_SYS_TYPES_H 1
| #define HAVE_SYS_STAT_H 1
| #define HAVE_STDLIB_H 1
| #define HAVE_STRING_H 1
| #define HAVE_MEMORY_H 1
| #define HAVE_STRINGS_H 1
| #define HAVE_INTTYPES_H 1
| #define HAVE_STDINT_H 1
| #define HAVE_UNISTD_H 1
| #define __EXTENSIONS__ 1
| #define _ALL_SOURCE 1
| #define _GNU_SOURCE 1
| #define _POSIX_PTHREAD_SEMANTICS 1
| #define _TANDEM_SOURCE 1
| #define PACKAGE "ou"
| #define VERSION "0"
| #define HAVE_DLFCN_H 1
| #define LT_OBJDIR ".libs/"
| #define HAVE_LIBC 1
| #define HAVE_LIBPTHREAD 1
| #define _REENTRANT 1
| #define STDC_HEADERS 1
| #define HAVE_INTTYPES_H 1
| #define HAVE_MALLOC_H 1
| #define HAVE_STDDEF_H 1
| #define HAVE_STDLIB_H 1
| #define HAVE_STRING_H 1
| /* end confdefs.h.  */
| #include <stdio.h>
| #ifdef HAVE_SYS_TYPES_H
| # include <sys/types.h>
| #endif
| #ifdef HAVE_SYS_STAT_H
| # include <sys/stat.h>
| #endif
| #ifdef STDC_HEADERS
| # include <stdlib.h>
| # include <stddef.h>
| #else
| # ifdef HAVE_STDLIB_H
| #  include <stdlib.h>
| # endif
| #endif
| #ifdef HAVE_STRING_H
| # if !defined STDC_HEADERS && defined HAVE_MEMORY_H
| #  include <memory.h>
| # endif
| # include <string.h>
| #endif
| #ifdef HAVE_STRINGS_H
| # include <strings.h>
| #endif
| #ifdef HAVE_INTTYPES_H
| # include <inttypes.h>
| #endif
| #ifdef HAVE_STDINT_H
| # include <stdint.h>
| #endif
| #ifdef HAVE_UNISTD_H
| # include <unistd.h>
| #endif
| int
| main ()
| {
| if (sizeof ((size_t)))
| 	    return 0;
|   ;
|   return 0;
| }
configure:13517: result: yes
configure:13528: checking for uint16_t
configure:13528: g++ -c -g -O2  conftest.cpp >&5
configure:13528: $? = 0
configure:13528: result: yes
configure:13540: checking for uint32_t
configure:13540: g++ -c -g -O2  conftest.cpp >&5
configure:13540: $? = 0
configure:13540: result: yes
configure:13554: checking for uint64_t
configure:13554: g++ -c -g -O2  conftest.cpp >&5
configure:13554: $? = 0
configure:13554: result: yes
configure:13568: checking for uint8_t
configure:13568: g++ -c -g -O2  conftest.cpp >&5
configure:13568: $? = 0
configure:13568: result: yes
configure:13582: checking for working volatile
configure:13601: g++ -c -g -O2  conftest.cpp >&5
configure:13601: $? = 0
configure:13608: result: yes
configure:13616: checking for ptrdiff_t
configure:13616: g++ -c -g -O2  conftest.cpp >&5
configure:13616: $? = 0
configure:13616: g++ -c -g -O2  conftest.cpp >&5
conftest.cpp: In function 'int main()':
conftest.cpp:73:23: error: expected primary-expression before ')' token
   73 | if (sizeof ((ptrdiff_t)))
      |                       ^
configure:13616: $? = 1
configure: failed program was:
| /* confdefs.h */
| #define PACKAGE_NAME "ou"
| #define PACKAGE_TARNAME "ou"
| #define PACKAGE_VERSION "0"
| #define PACKAGE_STRING "ou 0"
| #define PACKAGE_BUGREPORT "oleh_derevenko@users.sourceforge.net"
| #define PACKAGE_URL ""
| #define STDC_HEADERS 1
| #define HAVE_SYS_TYPES_H 1
| #define HAVE_SYS_STAT_H 1
| #define HAVE_STDLIB_H 1
| #define HAVE_STRING_H 1
| #define HAVE_MEMORY_H 1
| #define HAVE_STRINGS_H 1
| #define HAVE_INTTYPES_H 1
| #define HAVE_STDINT_H 1
| #define HAVE_UNISTD_H 1
| #define __EXTENSIONS__ 1
| #define _ALL_SOURCE 1
| #define _GNU_SOURCE 1
| #define _POSIX_PTHREAD_SEMANTICS 1
| #define _TANDEM_SOURCE 1
| #define PACKAGE "ou"
| #define VERSION "0"
| #define HAVE_DLFCN_H 1
| #define LT_OBJDIR ".libs/"
| #define HAVE_LIBC 1
| #define HAVE_LIBPTHREAD 1
| #define _REENTRANT 1
| #define STDC_HEADERS 1
| #define HAVE_INTTYPES_H 1
| #define HAVE_MALLOC_H 1
| #define HAVE_STDDEF_H 1
| #define HAVE_STDLIB_H 1
| #define HAVE_STRING_H 1
| /* end confdefs.h.  */
| #include <stdio.h>
| #ifdef HAVE_SYS_TYPES_H
| # include <sys/types.h>
| #endif
| #ifdef HAVE_SYS_STAT_H
| # include <sys/stat.h>
| #endif
| #ifdef STDC_HEADERS
| # include <stdlib.h>
| # include <stddef.h>
| #else
| # ifdef HAVE_STDLIB_H
| #  include <stdlib.h>
| # endif
| #endif
| #ifdef HAVE_STRING_H
| # if !defined STDC_HEADERS && defined HAVE_MEMORY_H
| #  include <memory.h>
| # endif
| # include <string.h>
| #endif
| #ifdef HAVE_STRINGS_H
| # include <strings.h>
| #endif
| #ifdef HAVE_INTTYPES_H
| # include <inttypes.h>
| #endif
| #ifdef HAVE_STDINT_H
| # include <stdint.h>
| #endif
| #ifdef HAVE_UNISTD_H
| # include <unistd.h>
| #endif
| int
| main ()
| {
| if (sizeof ((ptrdiff_t)))
| 	    return 0;
|   ;
|   return 0;
| }
configure:13616: result: yes
configure:13630: checking for memset
configure:13630: g++ -o conftest -g -O2   conftest.cpp -lpthread -lc  >&5
conftest.cpp:61:6: warning: declaration of 'char memset()' conflicts with built-in declaration 'void* memset(void*, int, long unsigned int)' [-Wbuiltin-declaration-mismatch]
   61 | char memset ();
      |      ^~~~~~
configure:13630: $? = 0
configure:13630: result: yes
configure:13854: checking that generated files are newer than configure
configure:13860: result: done
configure:13887: creating ./config.status

## ---------------------- ##
## Running config.status. ##
## ---------------------- ##

This file was extended by ou config.status 0, which was
generated by GNU Autoconf 2.69.  Invocation command line was

  CONFIG_FILES    = 
  CONFIG_HEADERS  = 
  CONFIG_LINKS    = 
  CONFIG_COMMANDS = 
  $ ./config.status 

on desktop

config.status:1075: creating Makefile
config.status:1075: creating include/ou/Makefile
config.status:1075: creating src/ou/Makefile
config.status:1075: creating test/Makefile
config.status:1247: executing depfiles commands
config.status:1324: cd src/ou       && sed -e '/# am--include-marker/d' Makefile         | make -f - am--depfiles
make: Nothing to be done for 'am--depfiles'.
config.status:1329: $? = 0
config.status:1324: cd test       && sed -e '/# am--include-marker/d' Makefile         | make -f - am--depfiles
make: Nothing to be done for 'am--depfiles'.
config.status:1329: $? = 0
config.status:1247: executing libtool commands

## ---------------- ##
## Cache variables. ##
## ---------------- ##

ac_cv_build=x86_64-pc-linux-gnu
ac_cv_c_compiler_gnu=yes
ac_cv_c_const=yes
ac_cv_c_inline=inline
ac_cv_c_int16_t=yes
ac_cv_c_int32_t=yes
ac_cv_c_int64_t=yes
ac_cv_c_int8_t=yes
ac_cv_c_uint16_t=yes
ac_cv_c_uint32_t=yes
ac_cv_c_uint64_t=yes
ac_cv_c_uint8_t=yes
ac_cv_c_volatile=yes
ac_cv_cxx_compiler_gnu=yes
ac_cv_env_CCC_set=
ac_cv_env_CCC_value=
ac_cv_env_CC_set=
ac_cv_env_CC_value=
ac_cv_env_CFLAGS_set=
ac_cv_env_CFLAGS_value=
ac_cv_env_CPPFLAGS_set=
ac_cv_env_CPPFLAGS_value=
ac_cv_env_CPP_set=
ac_cv_env_CPP_value=
ac_cv_env_CXXCPP_set=
ac_cv_env_CXXCPP_value=
ac_cv_env_CXXFLAGS_set=
ac_cv_env_CXXFLAGS_value=
ac_cv_env_CXX_set=
ac_cv_env_CXX_value=
ac_cv_env_LDFLAGS_set=
ac_cv_env_LDFLAGS_value=
ac_cv_env_LIBS_set=
ac_cv_env_LIBS_value=
ac_cv_env_LT_SYS_LIBRARY_PATH_set=
ac_cv_env_LT_SYS_LIBRARY_PATH_value=
ac_cv_env_OU_FEATURE_SET_set=set
ac_cv_env_OU_FEATURE_SET_value=_OU_FEATURE_SET_ATOMICS
ac_cv_env_OU_NAMESPACE_set=set
ac_cv_env_OU_NAMESPACE_value=odeou
ac_cv_env_build_alias_set=
ac_cv_env_build_alias_value=
ac_cv_env_host_alias_set=
ac_cv_env_host_alias_value=
ac_cv_env_target_alias_set=
ac_cv_env_target_alias_value=
ac_cv_func_memset=yes
ac_cv_header_dlfcn_h=yes
ac_cv_header_inttypes_h=yes
ac_cv_header_malloc_h=yes
ac_cv_header_memory_h=yes
ac_cv_header_minix_config_h=no
ac_cv_header_stdbool_h=no
ac_cv_header_stdc=yes
ac_cv_header_stddef_h=yes
ac_cv_header_stdint_h=yes
ac_cv_header_stdlib_h=yes
ac_cv_header_string_h=yes
ac_cv_header_strings_h=yes
ac_cv_header_sys_stat_h=yes
ac_cv_header_sys_types_h=yes
ac_cv_header_unistd_h=yes
ac_cv_host=x86_64-pc-linux-gnu
ac_cv_lib_c_main=yes
ac_cv_lib_pthread_main=yes
ac_cv_objext=o
ac_cv_path_EGREP='/usr/bin/grep -E'
ac_cv_path_FGREP='/usr/bin/grep -F'
ac_cv_path_GREP=/usr/bin/grep
ac_cv_path_SED=/usr/bin/sed
ac_cv_path_install='/usr/bin/install -c'
ac_cv_path_lt_DD=/usr/bin/dd
ac_cv_path_mkdir=/usr/bin/mkdir
ac_cv_prog_AWK=mawk
ac_cv_prog_CPP='gcc -E'
ac_cv_prog_CXXCPP='g++ -E'
ac_cv_prog_ac_ct_AR=ar
ac_cv_prog_ac_ct_CC=gcc
ac_cv_prog_ac_ct_CXX=g++
ac_cv_prog_ac_ct_DLLTOOL=dlltool
ac_cv_prog_ac_ct_MANIFEST_TOOL=mt
ac_cv_prog_ac_ct_OBJDUMP=objdump
ac_cv_prog_ac_ct_RANLIB=ranlib
ac_cv_prog_ac_ct_STRIP=strip
ac_cv_prog_cc_c89=
ac_cv_prog_cc_g=yes
ac_cv_prog_cxx_g=yes
ac_cv_prog_make_make_set=yes
ac_cv_safe_to_define___extensions__=yes
ac_cv_type__Bool=no
ac_cv_type_ptrdiff_t=yes
ac_cv_type_size_t=yes
am_cv_CC_dependencies_compiler_type=gcc3
am_cv_CXX_dependencies_compiler_type=gcc3
am_cv_make_support_nested_variables=yes
am_cv_prog_cc_c_o=yes
lt_cv_ar_at_file=@
lt_cv_archive_cmds_need_lc=no
lt_cv_deplibs_check_method=pass_all
lt_cv_file_magic_cmd='$MAGIC_CMD'
lt_cv_file_magic_test_file=
lt_cv_ld_reload_flag=-r
lt_cv_nm_interface='BSD nm'
lt_cv_objdir=.libs
lt_cv_path_LD=/usr/bin/ld
lt_cv_path_LDCXX='/usr/bin/ld -m elf_x86_64'
lt_cv_path_NM='/usr/bin/nm -B'
lt_cv_path_mainfest_tool=no
lt_cv_prog_compiler_c_o=yes
lt_cv_prog_compiler_c_o_CXX=yes
lt_cv_prog_compiler_pic='-fPIC -DPIC'
lt_cv_prog_compiler_pic_CXX='-fPIC -DPIC'
lt_cv_prog_compiler_pic_works=yes
lt_cv_prog_compiler_pic_works_CXX=yes
lt_cv_prog_compiler_rtti_exceptions=no
lt_cv_prog_compiler_static_works=yes
lt_cv_prog_compiler_static_works_CXX=yes
lt_cv_prog_gnu_ld=yes
lt_cv_prog_gnu_ldcxx=yes
lt_cv_sharedlib_from_linklib_cmd='printf %s\n'
lt_cv_shlibpath_overrides_runpath=yes
lt_cv_sys_global_symbol_pipe='sed -n -e '\''s/^.*[	 ]\([ABCDGIRSTW][ABCDGIRSTW]*\)[	 ][	 ]*\([_A-Za-z][_A-Za-z0-9]*\)$/\1 \2 \2/p'\'' | sed '\''/ __gnu_lto/d'\'''
lt_cv_sys_global_symbol_to_c_name_address='sed -n -e '\''s/^: \(.*\) .*$/  {"\1", (void *) 0},/p'\'' -e '\''s/^[ABCDGIRSTW][ABCDGIRSTW]* .* \(.*\)$/  {"\1", (void *) \&\1},/p'\'''
lt_cv_sys_global_symbol_to_c_name_address_lib_prefix='sed -n -e '\''s/^: \(.*\) .*$/  {"\1", (void *) 0},/p'\'' -e '\''s/^[ABCDGIRSTW][ABCDGIRSTW]* .* \(lib.*\)$/  {"\1", (void *) \&\1},/p'\'' -e '\''s/^[ABCDGIRSTW][ABCDGIRSTW]* .* \(.*\)$/  {"lib\1", (void *) \&\1},/p'\'''
lt_cv_sys_global_symbol_to_cdecl='sed -n -e '\''s/^T .* \(.*\)$/extern int \1();/p'\'' -e '\''s/^[ABCDGIRSTW][ABCDGIRSTW]* .* \(.*\)$/extern char \1;/p'\'''
lt_cv_sys_global_symbol_to_import=
lt_cv_sys_max_cmd_len=1572864
lt_cv_to_host_file_cmd=func_convert_file_noop
lt_cv_to_tool_file_cmd=func_convert_file_noop
lt_cv_truncate_bin='/usr/bin/dd bs=4096 count=1'

## ----------------- ##
## Output variables. ##
## ----------------- ##

ACLOCAL='${SHELL} /home/jack/Downloads/ode-0.16.2/missing aclocal-1.16'
AMDEPBACKSLASH='\'
AMDEP_FALSE='#'
AMDEP_TRUE=''
AMTAR='$${TAR-tar}'
AM_BACKSLASH='\'
AM_DEFAULT_V='$(AM_DEFAULT_VERBOSITY)'
AM_DEFAULT_VERBOSITY='1'
AM_V='$(V)'
AR='ar'
AS='as'
AUTOCONF='${SHELL} /home/jack/Downloads/ode-0.16.2/missing autoconf'
AUTOHEADER='${SHELL} /home/jack/Downloads/ode-0.16.2/missing autoheader'
AUTOMAKE='${SHELL} /home/jack/Downloads/ode-0.16.2/missing automake-1.16'
AWK='mawk'
CC='gcc'
CCDEPMODE='depmode=gcc3'
CFLAGS='-g -O2'
CPP='gcc -E'
CPPFLAGS=' -D_OU_NAMESPACE=odeou -D_OU_FEATURE_SET=_OU_FEATURE_SET_ATOMICS'
CXX='g++'
CXXCPP='g++ -E'
CXXDEPMODE='depmode=gcc3'
CXXFLAGS='-g -O2'
CYGPATH_W='echo'
DEFS='-DPACKAGE_NAME=\"ou\" -DPACKAGE_TARNAME=\"ou\" -DPACKAGE_VERSION=\"0\" -DPACKAGE_STRING=\"ou\ 0\" -DPACKAGE_BUGREPORT=\"oleh_derevenko@users.sourceforge.net\" -DPACKAGE_URL=\"\" -DSTDC_HEADERS=1 -DHAVE_SYS_TYPES_H=1 -DHAVE_SYS_STAT_H=1 -DHAVE_STDLIB_H=1 -DHAVE_STRING_H=1 -DHAVE_MEMORY_H=1 -DHAVE_STRINGS_H=1 -DHAVE_INTTYPES_H=1 -DHAVE_STDINT_H=1 -DHAVE_UNISTD_H=1 -D__EXTENSIONS__=1 -D_ALL_SOURCE=1 -D_GNU_SOURCE=1 -D_POSIX_PTHREAD_SEMANTICS=1 -D_TANDEM_SOURCE=1 -DPACKAGE=\"ou\" -DVERSION=\"0\" -DHAVE_DLFCN_H=1 -DLT_OBJDIR=\".libs/\" -DHAVE_LIBC=1 -DHAVE_LIBPTHREAD=1 -D_REENTRANT=1 -DSTDC_HEADERS=1 -DHAVE_INTTYPES_H=1 -DHAVE_MALLOC_H=1 -DHAVE_STDDEF_H=1 -DHAVE_STDLIB_H=1 -DHAVE_STRING_H=1 -DHAVE_PTRDIFF_T=1 -DHAVE_MEMSET=1 -D_OU_TARGET_OS=_OU_TARGET_OS_GENUNIX'
DEPDIR='.deps'
DLLTOOL='dlltool'
DSYMUTIL=''
DUMPBIN=''
ECHO_C=''
ECHO_N='-n'
ECHO_T=''
EGREP='/usr/bin/grep -E'
EXEEXT=''
FGREP='/usr/bin/grep -F'
GREP='/usr/bin/grep'
INSTALL_DATA='${INSTALL} -m 644'
INSTALL_PROGRAM='${INSTALL}'
INSTALL_SCRIPT='${INSTALL}'
INSTALL_STRIP_PROGRAM='$(install_sh) -c -s'
LD='/usr/bin/ld -m elf_x86_64'
LDFLAGS=''
LIBOBJS=''
LIBS='-lpthread -lc '
LIBTOOL='$(SHELL) $(top_builddir)/libtool'
LIPO=''
LN_S='ln -s'
LTLIBOBJS=''
LT_SYS_LIBRARY_PATH=''
MAKEINFO='${SHELL} /home/jack/Downloads/ode-0.16.2/missing makeinfo'
MANIFEST_TOOL=':'
MKDIR_P='/usr/bin/mkdir -p'
NM='/usr/bin/nm -B'
NMEDIT=''
OBJDUMP='objdump'
OBJEXT='o'
OTOOL64=''
OTOOL=''
OU_FEATURE_SET='_OU_FEATURE_SET_ATOMICS'
OU_NAMESPACE='odeou'
PACKAGE='ou'
PACKAGE_BUGREPORT='oleh_derevenko@users.sourceforge.net'
PACKAGE_NAME='ou'
PACKAGE_STRING='ou 0'
PACKAGE_TARNAME='ou'
PACKAGE_URL=''
PACKAGE_VERSION='0'
PATH_SEPARATOR=':'
RANLIB='ranlib'
SED='/usr/bin/sed'
SET_MAKE=''
SHELL='/bin/bash'
STRIP='strip'
VERSION='0'
ac_ct_AR='ar'
ac_ct_CC='gcc'
ac_ct_CXX='g++'
ac_ct_DUMPBIN=''
am__EXEEXT_FALSE=''
am__EXEEXT_TRUE='#'
am__fastdepCC_FALSE='#'
am__fastdepCC_TRUE=''
am__fastdepCXX_FALSE='#'
am__fastdepCXX_TRUE=''
am__include='include'
am__isrc=''
am__leading_dot='.'
am__nodep='_no'
am__quote=''
am__tar='$${TAR-tar} chof - "$$tardir"'
am__untar='$${TAR-tar} xf -'
bindir='${exec_prefix}/bin'
build='x86_64-pc-linux-gnu'
build_alias=''
build_cpu='x86_64'
build_os='linux-gnu'
build_vendor='pc'
datadir='${datarootdir}'
datarootdir='${prefix}/share'
docdir='${datarootdir}/doc/${PACKAGE_TARNAME}'
dvidir='${docdir}'
exec_prefix='${prefix}'
host='x86_64-pc-linux-gnu'
host_alias=''
host_cpu='x86_64'
host_os='linux-gnu'
host_vendor='pc'
htmldir='${docdir}'
includedir='${prefix}/include'
infodir='${datarootdir}/info'
install_sh='${SHELL} /home/jack/Downloads/ode-0.16.2/install-sh'
libdir='${exec_prefix}/lib'
libexecdir='${exec_prefix}/libexec'
localedir='${datarootdir}/locale'
localstatedir='${prefix}/var'
mandir='${datarootdir}/man'
mkdir_p='$(MKDIR_P)'
oldincludedir='/usr/include'
pdfdir='${docdir}'
prefix='/usr/local'
program_transform_name='s,x,x,'
psdir='${docdir}'
runstatedir='${localstatedir}/run'
sbindir='${exec_prefix}/sbin'
sharedstatedir='${prefix}/com'
sysconfdir='${prefix}/etc'
target_alias=''

## ----------- ##
## confdefs.h. ##
## ----------- ##

/* confdefs.h */
#define PACKAGE_NAME "ou"
#define PACKAGE_TARNAME "ou"
#define PACKAGE_VERSION "0"
#define PACKAGE_STRING "ou 0"
#define PACKAGE_BUGREPORT "oleh_derevenko@users.sourceforge.net"
#define PACKAGE_URL ""
#define STDC_HEADERS 1
#define HAVE_SYS_TYPES_H 1
#define HAVE_SYS_STAT_H 1
#define HAVE_STDLIB_H 1
#define HAVE_STRING_H 1
#define HAVE_MEMORY_H 1
#define HAVE_STRINGS_H 1
#define HAVE_INTTYPES_H 1
#define HAVE_STDINT_H 1
#define HAVE_UNISTD_H 1
#define __EXTENSIONS__ 1
#define _ALL_SOURCE 1
#define _GNU_SOURCE 1
#define _POSIX_PTHREAD_SEMANTICS 1
#define _TANDEM_SOURCE 1
#define PACKAGE "ou"
#define VERSION "0"
#define HAVE_DLFCN_H 1
#define LT_OBJDIR ".libs/"
#define HAVE_LIBC 1
#define HAVE_LIBPTHREAD 1
#define _REENTRANT 1
#define STDC_HEADERS 1
#define HAVE_INTTYPES_H 1
#define HAVE_MALLOC_H 1
#define HAVE_STDDEF_H 1
#define HAVE_STDLIB_H 1
#define HAVE_STRING_H 1
#define HAVE_PTRDIFF_T 1
#define HAVE_MEMSET 1
#define _OU_TARGET_OS _OU_TARGET_OS_GENUNIX

configure: exit 0
